Ex1 (OOP) Simulator log: stage B3.json,  output_B3_a.csv
0.0,OOP_Ex1_Elevator_Simulator
0.0,Simulated Building, Building [-10,100]
0) ex1.Elevator_A, Elev_, id,0,  speed, 3.0, open: 2.0,  start: 3.0, close: 2.0,  stop: 3.0
1) ex1.Elevator_A, Elev_, id,1,  speed, 7.0, open: 1.4285714285714286,  start: 2.142857142857143, close: 1.4285714285714286,  stop: 2.142857142857143

0.0,Simulated Period starTime,0.0,  endTime,1104.1840186,  dt,1.0
0.0,Simulated  calls,Elevator log, size: 100
0.0,**** Simulation starts!! ****
5.0,Elevator call,4.37472729,0,-1,1,1, got allocated to elevator, 1
5.0,Elev,1,  arrived at src, 0, Elevator call,4.37472729,0,-1,2,1
5.0, elevID,1,  pos,0,  cmd, goto,-1
13.0,Elev,1,  arrived at dest, -1, this call is done!, Elevator call,4.37472729,0,-1,3,1, Done, dt, 8.62527271
17.0,Elevator call,16.95788289,-1,0,1,1, got allocated to elevator, 1
17.0,Elev,1,  arrived at src, -1, Elevator call,16.95788289,-1,0,2,1
17.0, elevID,1,  pos,-1,  cmd, goto,0
23.0,Elevator call,22.0940563,0,-1,1,1, got allocated to elevator, 1
25.0,Elev,1,  arrived at dest, 0, this call is done!, Elevator call,16.95788289,-1,0,3,1, Done, dt, 8.04211711
25.0,Elev,1,  arrived at src, 0, Elevator call,22.0940563,0,-1,2,1
25.0, elevID,1,  pos,0,  cmd, goto,-1
33.0,Elev,1,  arrived at dest, -1, this call is done!, Elevator call,22.0940563,0,-1,3,1, Done, dt, 10.905943700000002
86.0,Elevator call,85.52096662,3,2,1,1, got allocated to elevator, 1
86.0, elevID,1,  pos,-1,  cmd, goto,3
92.0,Elevator call,91.21019413,-1,-2,1,1, got allocated to elevator, 1
94.0,Elev,1,  arrived at src, 3, Elevator call,85.52096662,3,2,2,1
94.0, elevID,1,  pos,3,  cmd, goto,2
102.0,Elev,1,  arrived at dest, 2, this call is done!, Elevator call,85.52096662,3,2,3,1, Done, dt, 16.479033380000004
102.0, elevID,1,  pos,2,  cmd, goto,-1
105.0,Elevator call,104.1370124,0,4,1,1, got allocated to elevator, 1
, elevID,1,  pos,2,  cmd, stop,0
110.0,Elevator call,109.2135291,-1,0,1,1, got allocated to elevator, 1
110.0,Elev,1,  arrived at src, 0, Elevator call,104.1370124,0,4,2,1
110.0, elevID,1,  pos,0,  cmd, goto,-1
115.0,Elevator call,114.392351,3,0,1,1, got allocated to elevator, 1
118.0,Elev,1,  arrived at src, -1, Elevator call,91.21019413,-1,-2,2,1
118.0,Elev,1,  arrived at src, -1, Elevator call,109.2135291,-1,0,2,1
118.0, elevID,1,  pos,-1,  cmd, goto,-2
125.0,Elevator call,124.425571,0,9,1,1, got allocated to elevator, 1
126.0,Elev,1,  arrived at dest, -2, this call is done!, Elevator call,91.21019413,-1,-2,3,1, Done, dt, 34.789805869999995
126.0, elevID,1,  pos,-2,  cmd, goto,0
131.0,Elevator call,130.0249568,8,10,1,1, got allocated to elevator, 1
131.0,Elevator call,130.2249113,-1,1,1,1, got allocated to elevator, 1
134.0,Elev,1,  arrived at dest, 0, this call is done!, Elevator call,109.2135291,-1,0,3,1, Done, dt, 24.786470899999998
134.0,Elev,1,  arrived at src, 0, Elevator call,124.425571,0,9,2,1
134.0, elevID,1,  pos,0,  cmd, goto,3
138.0,Elevator call,137.9515274,0,4,1,1, got allocated to elevator, 1
142.0,Elev,1,  arrived at src, 3, Elevator call,114.392351,3,0,2,1
142.0, elevID,1,  pos,3,  cmd, goto,4
144.0,Elevator call,143.9133584,0,6,1,1, got allocated to elevator, 1
150.0,Elev,1,  arrived at dest, 4, this call is done!, Elevator call,104.1370124,0,4,3,1, Done, dt, 45.8629876
150.0, elevID,1,  pos,4,  cmd, goto,8
158.0,Elev,1,  arrived at src, 8, Elevator call,130.0249568,8,10,2,1
158.0, elevID,1,  pos,8,  cmd, goto,9
166.0,Elev,1,  arrived at dest, 9, this call is done!, Elevator call,124.425571,0,9,3,1, Done, dt, 41.574428999999995
166.0, elevID,1,  pos,9,  cmd, goto,10
170.0,Elevator call,169.7845834,-1,0,1,1, got allocated to elevator, 1
171.0,Elevator call,170.0099621,0,6,1,1, got allocated to elevator, 1
172.0,Elevator call,171.2117332,-1,8,1,1, got allocated to elevator, 1
174.0,Elev,1,  arrived at dest, 10, this call is done!, Elevator call,130.0249568,8,10,3,1, Done, dt, 43.97504319999999
174.0, elevID,1,  pos,10,  cmd, goto,0
175.0,Elevator call,174.8438515,0,-1,1,1, got allocated to elevator, 1
183.0,Elev,1,  arrived at dest, 0, this call is done!, Elevator call,114.392351,3,0,3,1, Done, dt, 68.607649
183.0,Elev,1,  arrived at src, 0, Elevator call,137.9515274,0,4,2,1
183.0,Elev,1,  arrived at src, 0, Elevator call,143.9133584,0,6,2,1
183.0,Elev,1,  arrived at src, 0, Elevator call,170.0099621,0,6,2,1
183.0,Elev,1,  arrived at src, 0, Elevator call,174.8438515,0,-1,2,1
183.0, elevID,1,  pos,0,  cmd, goto,-1
188.0,Elevator call,187.1167862,-1,-2,1,1, got allocated to elevator, 1
188.0,Elevator call,187.7299318,-1,-2,1,1, got allocated to elevator, 1
191.0,Elev,1,  arrived at src, -1, Elevator call,130.2249113,-1,1,2,1
191.0,Elev,1,  arrived at src, -1, Elevator call,169.7845834,-1,0,2,1
191.0,Elev,1,  arrived at src, -1, Elevator call,171.2117332,-1,8,2,1
191.0,Elev,1,  arrived at dest, -1, this call is done!, Elevator call,174.8438515,0,-1,3,1, Done, dt, 16.1561485
191.0,Elev,1,  arrived at src, -1, Elevator call,187.1167862,-1,-2,2,1
191.0,Elev,1,  arrived at src, -1, Elevator call,187.7299318,-1,-2,2,1
191.0, elevID,1,  pos,-1,  cmd, goto,-2
196.0,Elevator call,195.9086965,0,7,1,1, got allocated to elevator, 1
198.0,Elevator call,197.5359191,-1,1,1,1, got allocated to elevator, 1
199.0,Elev,1,  arrived at dest, -2, this call is done!, Elevator call,187.1167862,-1,-2,3,1, Done, dt, 11.883213799999993
199.0,Elev,1,  arrived at dest, -2, this call is done!, Elevator call,187.7299318,-1,-2,3,1, Done, dt, 11.270068199999997
199.0, elevID,1,  pos,-2,  cmd, goto,-1
206.0,Elevator call,205.9895199,-1,0,1,1, got allocated to elevator, 1
207.0,Elev,1,  arrived at src, -1, Elevator call,197.5359191,-1,1,2,1
207.0,Elev,1,  arrived at src, -1, Elevator call,205.9895199,-1,0,2,1
207.0, elevID,1,  pos,-1,  cmd, goto,0
215.0,Elev,1,  arrived at dest, 0, this call is done!, Elevator call,169.7845834,-1,0,3,1, Done, dt, 45.2154166
215.0,Elev,1,  arrived at src, 0, Elevator call,195.9086965,0,7,2,1
215.0,Elev,1,  arrived at dest, 0, this call is done!, Elevator call,205.9895199,-1,0,3,1, Done, dt, 9.010480099999995
215.0, elevID,1,  pos,0,  cmd, goto,1
223.0,Elev,1,  arrived at dest, 1, this call is done!, Elevator call,130.2249113,-1,1,3,1, Done, dt, 92.7750887
223.0,Elev,1,  arrived at dest, 1, this call is done!, Elevator call,197.5359191,-1,1,3,1, Done, dt, 25.4640809
223.0, elevID,1,  pos,1,  cmd, goto,4
228.0,Elevator call,227.0798305,-1,5,1,1, got allocated to elevator, 1
231.0,Elev,1,  arrived at dest, 4, this call is done!, Elevator call,137.9515274,0,4,3,1, Done, dt, 93.0484726
231.0, elevID,1,  pos,4,  cmd, goto,6
232.0,Elevator call,231.5157882,-1,0,1,1, got allocated to elevator, 1
233.0,Elevator call,232.9504362,0,-1,1,1, got allocated to elevator, 1
239.0,Elev,1,  arrived at dest, 6, this call is done!, Elevator call,143.9133584,0,6,3,1, Done, dt, 95.08664160000001
239.0,Elev,1,  arrived at dest, 6, this call is done!, Elevator call,170.0099621,0,6,3,1, Done, dt, 68.9900379
239.0, elevID,1,  pos,6,  cmd, goto,7
247.0,Elev,1,  arrived at dest, 7, this call is done!, Elevator call,195.9086965,0,7,3,1, Done, dt, 51.09130350000001
247.0, elevID,1,  pos,7,  cmd, goto,8
252.0,Elevator call,251.1044469,-1,-2,1,1, got allocated to elevator, 1
252.0,Elevator call,251.2359335,0,9,1,1, got allocated to elevator, 1
255.0,Elevator call,254.6977153,3,4,1,1, got allocated to elevator, 1
255.0,Elev,1,  arrived at dest, 8, this call is done!, Elevator call,171.2117332,-1,8,3,1, Done, dt, 83.7882668
255.0, elevID,1,  pos,8,  cmd, goto,3
258.0,Elevator call,257.7974435,-1,0,1,1, got allocated to elevator, 1
263.0,Elev,1,  arrived at src, 3, Elevator call,254.6977153,3,4,2,1
263.0, elevID,1,  pos,3,  cmd, goto,0
271.0,Elev,1,  arrived at src, 0, Elevator call,232.9504362,0,-1,2,1
271.0,Elev,1,  arrived at src, 0, Elevator call,251.2359335,0,9,2,1
271.0, elevID,1,  pos,0,  cmd, goto,-1
279.0,Elev,1,  arrived at src, -1, Elevator call,227.0798305,-1,5,2,1
279.0,Elev,1,  arrived at src, -1, Elevator call,231.5157882,-1,0,2,1
279.0,Elev,1,  arrived at dest, -1, this call is done!, Elevator call,232.9504362,0,-1,3,1, Done, dt, 46.04956379999999
279.0,Elev,1,  arrived at src, -1, Elevator call,251.1044469,-1,-2,2,1
279.0,Elev,1,  arrived at src, -1, Elevator call,257.7974435,-1,0,2,1
279.0, elevID,1,  pos,-1,  cmd, goto,-2
287.0,Elev,1,  arrived at dest, -2, this call is done!, Elevator call,251.1044469,-1,-2,3,1, Done, dt, 35.8955531
287.0, elevID,1,  pos,-2,  cmd, goto,0
295.0,Elev,1,  arrived at dest, 0, this call is done!, Elevator call,231.5157882,-1,0,3,1, Done, dt, 63.4842118
295.0,Elev,1,  arrived at dest, 0, this call is done!, Elevator call,257.7974435,-1,0,3,1, Done, dt, 37.202556500000014
295.0, elevID,1,  pos,0,  cmd, goto,4
296.0,Elevator call,295.7943357,0,1,1,1, got allocated to elevator, 1
296.0, elevID,1,  pos,0,  cmd, stop,0
303.0,Elev,1,  arrived at src, 0, Elevator call,295.7943357,0,1,2,1
303.0, elevID,1,  pos,0,  cmd, goto,1
305.0,Elevator call,304.9984388,6,0,1,1, got allocated to elevator, 1
310.0,Elevator call,309.3005383,0,-1,1,1, got allocated to elevator, 1
311.0,Elev,1,  arrived at dest, 1, this call is done!, Elevator call,295.7943357,0,1,3,1, Done, dt, 15.205664300000024
311.0, elevID,1,  pos,1,  cmd, goto,4
313.0,Elevator call,312.3018556,0,-1,1,1, got allocated to elevator, 1
317.0,Elevator call,316.0323783,0,-1,1,1, got allocated to elevator, 1
319.0,Elev,1,  arrived at dest, 4, this call is done!, Elevator call,254.6977153,3,4,3,1, Done, dt, 64.3022847
319.0, elevID,1,  pos,4,  cmd, goto,5
320.0,Elevator call,319.905202,6,5,1,1, got allocated to elevator, 1
321.0,Elevator call,320.9760749,-1,0,1,1, got allocated to elevator, 1
322.0,Elevator call,321.370409,7,-1,1,1, got allocated to elevator, 1
327.0,Elev,1,  arrived at dest, 5, this call is done!, Elevator call,227.0798305,-1,5,3,1, Done, dt, 99.92016949999999
327.0, elevID,1,  pos,5,  cmd, goto,6
333.0,Elevator call,332.4267319,0,10,1,1, got allocated to elevator, 1
335.0,Elev,1,  arrived at src, 6, Elevator call,304.9984388,6,0,2,1
335.0,Elev,1,  arrived at src, 6, Elevator call,319.905202,6,5,2,1
335.0, elevID,1,  pos,6,  cmd, goto,7
337.0,Elevator call,336.9304305,-1,0,1,1, got allocated to elevator, 1
343.0,Elev,1,  arrived at src, 7, Elevator call,321.370409,7,-1,2,1
343.0, elevID,1,  pos,7,  cmd, goto,9
351.0,Elev,1,  arrived at dest, 9, this call is done!, Elevator call,251.2359335,0,9,3,1, Done, dt, 99.76406650000001
351.0, elevID,1,  pos,9,  cmd, goto,5
359.0,Elev,1,  arrived at dest, 5, this call is done!, Elevator call,319.905202,6,5,3,1, Done, dt, 39.094798000000026
359.0, elevID,1,  pos,5,  cmd, goto,0
367.0,Elev,1,  arrived at dest, 0, this call is done!, Elevator call,304.9984388,6,0,3,1, Done, dt, 62.001561200000026
367.0,Elev,1,  arrived at src, 0, Elevator call,309.3005383,0,-1,2,1
367.0,Elev,1,  arrived at src, 0, Elevator call,312.3018556,0,-1,2,1
367.0,Elev,1,  arrived at src, 0, Elevator call,316.0323783,0,-1,2,1
367.0,Elev,1,  arrived at src, 0, Elevator call,332.4267319,0,10,2,1
367.0, elevID,1,  pos,0,  cmd, goto,-1
375.0,Elev,1,  arrived at dest, -1, this call is done!, Elevator call,309.3005383,0,-1,3,1, Done, dt, 65.69946169999997
375.0,Elev,1,  arrived at dest, -1, this call is done!, Elevator call,312.3018556,0,-1,3,1, Done, dt, 62.69814439999999
375.0,Elev,1,  arrived at dest, -1, this call is done!, Elevator call,316.0323783,0,-1,3,1, Done, dt, 58.967621699999995
375.0,Elev,1,  arrived at src, -1, Elevator call,320.9760749,-1,0,2,1
375.0,Elev,1,  arrived at dest, -1, this call is done!, Elevator call,321.370409,7,-1,3,1, Done, dt, 53.629591000000005
375.0,Elev,1,  arrived at src, -1, Elevator call,336.9304305,-1,0,2,1
375.0, elevID,1,  pos,-1,  cmd, goto,0
376.0,Elevator call,375.490481,1,0,1,1, got allocated to elevator, 1
383.0,Elev,1,  arrived at dest, 0, this call is done!, Elevator call,320.9760749,-1,0,3,1, Done, dt, 62.023925099999985
383.0,Elev,1,  arrived at dest, 0, this call is done!, Elevator call,336.9304305,-1,0,3,1, Done, dt, 46.0695695
383.0, elevID,1,  pos,0,  cmd, goto,1
391.0,Elev,1,  arrived at src, 1, Elevator call,375.490481,1,0,2,1
391.0, elevID,1,  pos,1,  cmd, goto,10
393.0,Elevator call,392.5160765,0,5,1,1, got allocated to elevator, 1
400.0,Elev,1,  arrived at dest, 10, this call is done!, Elevator call,332.4267319,0,10,3,1, Done, dt, 67.5732681
400.0, elevID,1,  pos,10,  cmd, goto,0
406.0,Elevator call,405.1821141,-1,10,1,1, got allocated to elevator, 1
409.0,Elev,1,  arrived at dest, 0, this call is done!, Elevator call,375.490481,1,0,3,1, Done, dt, 33.50951900000001
409.0,Elev,1,  arrived at src, 0, Elevator call,392.5160765,0,5,2,1
409.0, elevID,1,  pos,0,  cmd, goto,-1
417.0,Elev,1,  arrived at src, -1, Elevator call,405.1821141,-1,10,2,1
417.0, elevID,1,  pos,-1,  cmd, goto,5
425.0,Elev,1,  arrived at dest, 5, this call is done!, Elevator call,392.5160765,0,5,3,1, Done, dt, 32.4839235
425.0, elevID,1,  pos,5,  cmd, goto,10
427.0,Elevator call,426.8615805,2,0,1,1, got allocated to elevator, 1
433.0,Elev,1,  arrived at dest, 10, this call is done!, Elevator call,405.1821141,-1,10,3,1, Done, dt, 27.81788590000002
433.0, elevID,1,  pos,10,  cmd, goto,2
438.0,Elevator call,437.1711158,1,0,1,1, got allocated to elevator, 1
442.0,Elev,1,  arrived at src, 2, Elevator call,426.8615805,2,0,2,1
442.0, elevID,1,  pos,2,  cmd, goto,1
450.0,Elev,1,  arrived at src, 1, Elevator call,437.1711158,1,0,2,1
450.0, elevID,1,  pos,1,  cmd, goto,0
458.0,Elev,1,  arrived at dest, 0, this call is done!, Elevator call,426.8615805,2,0,3,1, Done, dt, 31.138419499999998
458.0,Elev,1,  arrived at dest, 0, this call is done!, Elevator call,437.1711158,1,0,3,1, Done, dt, 20.828884200000005
473.0,Elevator call,472.7445474,10,-1,1,1, got allocated to elevator, 1
473.0, elevID,1,  pos,0,  cmd, goto,10
482.0,Elev,1,  arrived at src, 10, Elevator call,472.7445474,10,-1,2,1
482.0, elevID,1,  pos,10,  cmd, goto,-1
491.0,Elev,1,  arrived at dest, -1, this call is done!, Elevator call,472.7445474,10,-1,3,1, Done, dt, 18.255452600000012
501.0,Elevator call,500.3712045,8,-1,1,1, got allocated to elevator, 1
501.0, elevID,1,  pos,-1,  cmd, goto,8
504.0,Elevator call,503.1384784,1,-1,1,1, got allocated to elevator, 1
504.0, elevID,1,  pos,-1,  cmd, stop,1
505.0,Elevator call,504.4317942,0,-1,1,1, got allocated to elevator, 1
509.0,Elev,1,  arrived at src, 1, Elevator call,503.1384784,1,-1,2,1
509.0, elevID,1,  pos,1,  cmd, goto,8
518.0,Elev,1,  arrived at src, 8, Elevator call,500.3712045,8,-1,2,1
518.0, elevID,1,  pos,8,  cmd, goto,0
527.0,Elev,1,  arrived at src, 0, Elevator call,504.4317942,0,-1,2,1
527.0, elevID,1,  pos,0,  cmd, goto,-1
530.0,Elevator call,529.6277472,3,-1,1,1, got allocated to elevator, 1
535.0,Elev,1,  arrived at dest, -1, this call is done!, Elevator call,500.3712045,8,-1,3,1, Done, dt, 34.628795500000024
535.0,Elev,1,  arrived at dest, -1, this call is done!, Elevator call,503.1384784,1,-1,3,1, Done, dt, 31.861521600000003
535.0,Elev,1,  arrived at dest, -1, this call is done!, Elevator call,504.4317942,0,-1,3,1, Done, dt, 30.568205799999987
535.0, elevID,1,  pos,-1,  cmd, goto,3
538.0,Elevator call,537.7866884,-1,6,1,1, got allocated to elevator, 1
538.0, elevID,1,  pos,-1,  cmd, stop,-1
543.0,Elev,1,  arrived at src, -1, Elevator call,537.7866884,-1,6,2,1
543.0, elevID,1,  pos,-1,  cmd, goto,3
545.0,Elevator call,544.7880392,6,-1,1,1, got allocated to elevator, 1
551.0,Elev,1,  arrived at src, 3, Elevator call,529.6277472,3,-1,2,1
551.0, elevID,1,  pos,3,  cmd, goto,6
555.0,Elevator call,554.0892923,4,0,1,1, got allocated to elevator, 1
558.0,Elevator call,557.244139,10,0,1,1, got allocated to elevator, 1
559.0,Elev,1,  arrived at dest, 6, this call is done!, Elevator call,537.7866884,-1,6,3,1, Done, dt, 21.213311599999997
559.0,Elev,1,  arrived at src, 6, Elevator call,544.7880392,6,-1,2,1
559.0, elevID,1,  pos,6,  cmd, goto,10
566.0,Elevator call,565.0195522,0,-1,1,1, got allocated to elevator, 1
567.0,Elev,1,  arrived at src, 10, Elevator call,557.244139,10,0,2,1
567.0, elevID,1,  pos,10,  cmd, goto,4
575.0,Elev,1,  arrived at src, 4, Elevator call,554.0892923,4,0,2,1
575.0, elevID,1,  pos,4,  cmd, goto,0
582.0,Elevator call,581.870309,0,3,1,1, got allocated to elevator, 1
583.0,Elev,1,  arrived at dest, 0, this call is done!, Elevator call,554.0892923,4,0,3,1, Done, dt, 28.91070769999999
583.0,Elev,1,  arrived at dest, 0, this call is done!, Elevator call,557.244139,10,0,3,1, Done, dt, 25.75586099999998
583.0,Elev,1,  arrived at src, 0, Elevator call,565.0195522,0,-1,2,1
583.0,Elev,1,  arrived at src, 0, Elevator call,581.870309,0,3,2,1
583.0, elevID,1,  pos,0,  cmd, goto,-1
591.0,Elev,1,  arrived at dest, -1, this call is done!, Elevator call,529.6277472,3,-1,3,1, Done, dt, 61.372252799999956
591.0,Elev,1,  arrived at dest, -1, this call is done!, Elevator call,544.7880392,6,-1,3,1, Done, dt, 46.21196080000004
591.0,Elev,1,  arrived at dest, -1, this call is done!, Elevator call,565.0195522,0,-1,3,1, Done, dt, 25.98044779999998
591.0, elevID,1,  pos,-1,  cmd, goto,3
597.0,Elevator call,596.1232023,8,0,1,1, got allocated to elevator, 1
599.0,Elev,1,  arrived at dest, 3, this call is done!, Elevator call,581.870309,0,3,3,1, Done, dt, 17.12969099999998
599.0, elevID,1,  pos,3,  cmd, goto,8
601.0,Elevator call,600.931288,1,0,1,1, got allocated to elevator, 1
604.0,Elevator call,603.9342327,7,0,1,1, got allocated to elevator, 1
607.0,Elev,1,  arrived at src, 8, Elevator call,596.1232023,8,0,2,1
607.0, elevID,1,  pos,8,  cmd, goto,7
615.0,Elev,1,  arrived at src, 7, Elevator call,603.9342327,7,0,2,1
615.0, elevID,1,  pos,7,  cmd, goto,1
618.0,Elevator call,617.9628339,0,3,1,1, got allocated to elevator, 1
620.0,Elevator call,619.6454197,9,0,1,1, got allocated to elevator, 1
623.0,Elev,1,  arrived at src, 1, Elevator call,600.931288,1,0,2,1
623.0, elevID,1,  pos,1,  cmd, goto,0
627.0,Elevator call,626.2116172,0,1,1,1, got allocated to elevator, 1
631.0,Elev,1,  arrived at dest, 0, this call is done!, Elevator call,596.1232023,8,0,3,1, Done, dt, 34.8767977
631.0,Elev,1,  arrived at dest, 0, this call is done!, Elevator call,600.931288,1,0,3,1, Done, dt, 30.068712000000005
631.0,Elev,1,  arrived at dest, 0, this call is done!, Elevator call,603.9342327,7,0,3,1, Done, dt, 27.065767299999948
631.0,Elev,1,  arrived at src, 0, Elevator call,617.9628339,0,3,2,1
631.0,Elev,1,  arrived at src, 0, Elevator call,626.2116172,0,1,2,1
631.0, elevID,1,  pos,0,  cmd, goto,1
639.0,Elev,1,  arrived at dest, 1, this call is done!, Elevator call,626.2116172,0,1,3,1, Done, dt, 12.788382800000022
639.0, elevID,1,  pos,1,  cmd, goto,3
644.0,Elevator call,643.8547515,-1,2,1,1, got allocated to elevator, 1
647.0,Elev,1,  arrived at dest, 3, this call is done!, Elevator call,617.9628339,0,3,3,1, Done, dt, 29.037166100000036
647.0, elevID,1,  pos,3,  cmd, goto,9
655.0,Elev,1,  arrived at src, 9, Elevator call,619.6454197,9,0,2,1
655.0, elevID,1,  pos,9,  cmd, goto,0
661.0,Elevator call,660.0732908,6,10,1,1, got allocated to elevator, 1
662.0,Elevator call,661.042082,-1,3,1,1, got allocated to elevator, 1
663.0,Elevator call,662.1730528,-1,5,1,1, got allocated to elevator, 1
664.0,Elev,1,  arrived at dest, 0, this call is done!, Elevator call,619.6454197,9,0,3,1, Done, dt, 44.35458029999995
664.0, elevID,1,  pos,0,  cmd, goto,-1
666.0,Elevator call,665.1155549,-1,8,1,1, got allocated to elevator, 1
667.0,Elevator call,666.0340295,4,0,1,1, got allocated to elevator, 1
667.0,Elevator call,666.2411587,5,-1,1,1, got allocated to elevator, 1
672.0,Elev,1,  arrived at src, -1, Elevator call,643.8547515,-1,2,2,1
672.0,Elev,1,  arrived at src, -1, Elevator call,661.042082,-1,3,2,1
672.0,Elev,1,  arrived at src, -1, Elevator call,662.1730528,-1,5,2,1
672.0,Elev,1,  arrived at src, -1, Elevator call,665.1155549,-1,8,2,1
672.0, elevID,1,  pos,-1,  cmd, goto,2
673.0,Elevator call,672.6773142,0,-1,1,1, got allocated to elevator, 1
673.0, elevID,1,  pos,-1,  cmd, stop,0
678.0,Elevator call,677.7341948,0,-1,1,1, got allocated to elevator, 1
679.0,Elevator call,678.9953585,-1,-2,1,1, got allocated to elevator, 1
680.0,Elev,1,  arrived at src, 0, Elevator call,672.6773142,0,-1,2,1
680.0,Elev,1,  arrived at src, 0, Elevator call,677.7341948,0,-1,2,1
680.0, elevID,1,  pos,0,  cmd, goto,2
688.0,Elev,1,  arrived at dest, 2, this call is done!, Elevator call,643.8547515,-1,2,3,1, Done, dt, 44.14524849999998
688.0, elevID,1,  pos,2,  cmd, goto,3
696.0,Elevator call,695.2239882,0,10,1,1, got allocated to elevator, 1
696.0,Elev,1,  arrived at dest, 3, this call is done!, Elevator call,661.042082,-1,3,3,1, Done, dt, 34.95791799999995
696.0, elevID,1,  pos,3,  cmd, goto,4
704.0,Elev,1,  arrived at src, 4, Elevator call,666.0340295,4,0,2,1
704.0, elevID,1,  pos,4,  cmd, goto,5
707.0,Elevator call,706.1583475,-1,-2,1,1, got allocated to elevator, 1
711.0,Elevator call,710.324977,0,1,1,1, got allocated to elevator, 1
712.0,Elev,1,  arrived at dest, 5, this call is done!, Elevator call,662.1730528,-1,5,3,1, Done, dt, 49.82694719999995
712.0,Elev,1,  arrived at src, 5, Elevator call,666.2411587,5,-1,2,1
712.0, elevID,1,  pos,5,  cmd, goto,6
714.0,Elevator call,713.0191971,1,0,1,1, got allocated to elevator, 1
714.0,Elevator call,713.2499766,10,-1,1,1, got allocated to elevator, 1
720.0,Elev,1,  arrived at src, 6, Elevator call,660.0732908,6,10,2,1
720.0, elevID,1,  pos,6,  cmd, goto,8
723.0,Elevator call,722.6161213,10,0,1,1, got allocated to elevator, 1
728.0,Elevator call,727.5146029,-1,0,1,1, got allocated to elevator, 1
728.0,Elev,1,  arrived at dest, 8, this call is done!, Elevator call,665.1155549,-1,8,3,1, Done, dt, 62.88444509999999
728.0, elevID,1,  pos,8,  cmd, goto,10
733.0,Elevator call,732.9746341,6,-1,1,1, got allocated to elevator, 1
736.0,Elev,1,  arrived at dest, 10, this call is done!, Elevator call,660.0732908,6,10,3,1, Done, dt, 75.9267092
736.0,Elev,1,  arrived at src, 10, Elevator call,713.2499766,10,-1,2,1
736.0,Elev,1,  arrived at src, 10, Elevator call,722.6161213,10,0,2,1
736.0, elevID,1,  pos,10,  cmd, goto,6
738.0,Elevator call,737.3147202,1,0,1,1, got allocated to elevator, 1
744.0,Elev,1,  arrived at src, 6, Elevator call,732.9746341,6,-1,2,1
744.0, elevID,1,  pos,6,  cmd, goto,1
752.0,Elev,1,  arrived at src, 1, Elevator call,713.0191971,1,0,2,1
752.0,Elev,1,  arrived at src, 1, Elevator call,737.3147202,1,0,2,1
752.0, elevID,1,  pos,1,  cmd, goto,0
760.0,Elev,1,  arrived at dest, 0, this call is done!, Elevator call,666.0340295,4,0,3,1, Done, dt, 93.96597050000003
760.0,Elev,1,  arrived at src, 0, Elevator call,695.2239882,0,10,2,1
760.0,Elev,1,  arrived at src, 0, Elevator call,710.324977,0,1,2,1
760.0,Elev,1,  arrived at dest, 0, this call is done!, Elevator call,713.0191971,1,0,3,1, Done, dt, 46.98080289999996
760.0,Elev,1,  arrived at dest, 0, this call is done!, Elevator call,722.6161213,10,0,3,1, Done, dt, 37.38387869999997
760.0,Elev,1,  arrived at dest, 0, this call is done!, Elevator call,737.3147202,1,0,3,1, Done, dt, 22.68527979999999
760.0, elevID,1,  pos,0,  cmd, goto,-1
768.0,Elev,1,  arrived at dest, -1, this call is done!, Elevator call,666.2411587,5,-1,3,1, Done, dt, 101.75884129999997
768.0,Elev,1,  arrived at dest, -1, this call is done!, Elevator call,672.6773142,0,-1,3,1, Done, dt, 95.32268580000004
768.0,Elev,1,  arrived at dest, -1, this call is done!, Elevator call,677.7341948,0,-1,3,1, Done, dt, 90.26580520000005
768.0,Elev,1,  arrived at src, -1, Elevator call,678.9953585,-1,-2,2,1
768.0,Elev,1,  arrived at src, -1, Elevator call,706.1583475,-1,-2,2,1
768.0,Elev,1,  arrived at dest, -1, this call is done!, Elevator call,713.2499766,10,-1,3,1, Done, dt, 54.75002340000003
768.0,Elev,1,  arrived at src, -1, Elevator call,727.5146029,-1,0,2,1
768.0,Elev,1,  arrived at dest, -1, this call is done!, Elevator call,732.9746341,6,-1,3,1, Done, dt, 35.0253659
768.0, elevID,1,  pos,-1,  cmd, goto,-2
776.0,Elev,1,  arrived at dest, -2, this call is done!, Elevator call,678.9953585,-1,-2,3,1, Done, dt, 97.00464150000005
776.0,Elev,1,  arrived at dest, -2, this call is done!, Elevator call,706.1583475,-1,-2,3,1, Done, dt, 69.84165250000001
776.0, elevID,1,  pos,-2,  cmd, goto,0
780.0,Elevator call,779.3996914,-1,5,1,1, got allocated to elevator, 1
784.0,Elev,1,  arrived at dest, 0, this call is done!, Elevator call,727.5146029,-1,0,3,1, Done, dt, 56.4853971
784.0, elevID,1,  pos,0,  cmd, goto,1
792.0,Elev,1,  arrived at dest, 1, this call is done!, Elevator call,710.324977,0,1,3,1, Done, dt, 81.67502300000001
792.0, elevID,1,  pos,1,  cmd, goto,10
801.0,Elev,1,  arrived at dest, 10, this call is done!, Elevator call,695.2239882,0,10,3,1, Done, dt, 105.77601179999999
801.0, elevID,1,  pos,10,  cmd, goto,-1
806.0,Elevator call,805.6754743,-1,-2,1,1, got allocated to elevator, 1
810.0,Elev,1,  arrived at src, -1, Elevator call,779.3996914,-1,5,2,1
810.0,Elev,1,  arrived at src, -1, Elevator call,805.6754743,-1,-2,2,1
810.0, elevID,1,  pos,-1,  cmd, goto,-2
811.0,Elevator call,810.4469089,2,0,1,1, got allocated to elevator, 1
817.0,Elevator call,816.1516998,7,-1,1,1, got allocated to elevator, 1
818.0,Elev,1,  arrived at dest, -2, this call is done!, Elevator call,805.6754743,-1,-2,3,1, Done, dt, 12.324525699999981
818.0, elevID,1,  pos,-2,  cmd, goto,2
826.0,Elevator call,825.4575185,7,0,1,1, got allocated to elevator, 1
826.0,Elev,1,  arrived at src, 2, Elevator call,810.4469089,2,0,2,1
826.0, elevID,1,  pos,2,  cmd, goto,5
834.0,Elev,1,  arrived at dest, 5, this call is done!, Elevator call,779.3996914,-1,5,3,1, Done, dt, 54.60030859999995
834.0, elevID,1,  pos,5,  cmd, goto,7
840.0,Elevator call,839.8525653,0,1,1,1, got allocated to elevator, 1
842.0,Elev,1,  arrived at src, 7, Elevator call,816.1516998,7,-1,2,1
842.0,Elev,1,  arrived at src, 7, Elevator call,825.4575185,7,0,2,1
842.0, elevID,1,  pos,7,  cmd, goto,0
851.0,Elev,1,  arrived at dest, 0, this call is done!, Elevator call,810.4469089,2,0,3,1, Done, dt, 40.55309109999996
851.0,Elev,1,  arrived at dest, 0, this call is done!, Elevator call,825.4575185,7,0,3,1, Done, dt, 25.542481500000008
851.0,Elev,1,  arrived at src, 0, Elevator call,839.8525653,0,1,2,1
851.0, elevID,1,  pos,0,  cmd, goto,-1
855.0,Elevator call,854.2002278,6,-1,1,1, got allocated to elevator, 1
859.0,Elev,1,  arrived at dest, -1, this call is done!, Elevator call,816.1516998,7,-1,3,1, Done, dt, 42.84830020000004
859.0, elevID,1,  pos,-1,  cmd, goto,1
864.0,Elevator call,863.8932913,0,-1,1,1, got allocated to elevator, 1
867.0,Elev,1,  arrived at dest, 1, this call is done!, Elevator call,839.8525653,0,1,3,1, Done, dt, 27.147434699999963
867.0, elevID,1,  pos,1,  cmd, goto,6
871.0,Elevator call,870.5053024,0,7,1,1, got allocated to elevator, 1
875.0,Elev,1,  arrived at src, 6, Elevator call,854.2002278,6,-1,2,1
875.0, elevID,1,  pos,6,  cmd, goto,0
883.0,Elev,1,  arrived at src, 0, Elevator call,863.8932913,0,-1,2,1
883.0,Elev,1,  arrived at src, 0, Elevator call,870.5053024,0,7,2,1
883.0, elevID,1,  pos,0,  cmd, goto,-1
887.0,Elevator call,886.5649993,-1,-2,1,1, got allocated to elevator, 1
891.0,Elev,1,  arrived at dest, -1, this call is done!, Elevator call,854.2002278,6,-1,3,1, Done, dt, 36.79977220000001
891.0,Elev,1,  arrived at dest, -1, this call is done!, Elevator call,863.8932913,0,-1,3,1, Done, dt, 27.106708700000013
891.0,Elev,1,  arrived at src, -1, Elevator call,886.5649993,-1,-2,2,1
891.0, elevID,1,  pos,-1,  cmd, goto,-2
893.0,Elevator call,892.5212151,9,-1,1,1, got allocated to elevator, 1
899.0,Elev,1,  arrived at dest, -2, this call is done!, Elevator call,886.5649993,-1,-2,3,1, Done, dt, 12.435000700000046
899.0, elevID,1,  pos,-2,  cmd, goto,7
908.0,Elev,1,  arrived at dest, 7, this call is done!, Elevator call,870.5053024,0,7,3,1, Done, dt, 37.494697599999995
908.0, elevID,1,  pos,7,  cmd, goto,9
911.0,Elevator call,910.5388559,6,5,1,1, got allocated to elevator, 1
916.0,Elevator call,915.9490575,4,-1,1,1, got allocated to elevator, 1
916.0,Elev,1,  arrived at src, 9, Elevator call,892.5212151,9,-1,2,1
916.0, elevID,1,  pos,9,  cmd, goto,6
924.0,Elev,1,  arrived at src, 6, Elevator call,910.5388559,6,5,2,1
924.0, elevID,1,  pos,6,  cmd, goto,5
932.0,Elev,1,  arrived at dest, 5, this call is done!, Elevator call,910.5388559,6,5,3,1, Done, dt, 21.461144099999956
932.0, elevID,1,  pos,5,  cmd, goto,4
934.0,Elevator call,933.8580452,7,5,1,1, got allocated to elevator, 1
940.0,Elev,1,  arrived at src, 4, Elevator call,915.9490575,4,-1,2,1
940.0, elevID,1,  pos,4,  cmd, goto,-1
948.0,Elev,1,  arrived at dest, -1, this call is done!, Elevator call,892.5212151,9,-1,3,1, Done, dt, 55.47878490000005
948.0,Elev,1,  arrived at dest, -1, this call is done!, Elevator call,915.9490575,4,-1,3,1, Done, dt, 32.05094250000002
948.0, elevID,1,  pos,-1,  cmd, goto,7
957.0,Elev,1,  arrived at src, 7, Elevator call,933.8580452,7,5,2,1
957.0, elevID,1,  pos,7,  cmd, goto,5
962.0,Elevator call,961.6862856,6,-1,1,1, got allocated to elevator, 1
965.0,Elev,1,  arrived at dest, 5, this call is done!, Elevator call,933.8580452,7,5,3,1, Done, dt, 31.141954800000008
965.0, elevID,1,  pos,5,  cmd, goto,6
973.0,Elevator call,972.8032126,1,0,1,1, got allocated to elevator, 1
973.0,Elev,1,  arrived at src, 6, Elevator call,961.6862856,6,-1,2,1
973.0, elevID,1,  pos,6,  cmd, goto,1
976.0,Elevator call,975.8361203,0,-1,1,1, got allocated to elevator, 1
979.0,Elevator call,978.5925149,10,0,1,1, got allocated to elevator, 1
979.0,Elevator call,978.6210501,10,-1,1,1, got allocated to elevator, 1
981.0,Elev,1,  arrived at src, 1, Elevator call,972.8032126,1,0,2,1
981.0, elevID,1,  pos,1,  cmd, goto,0
985.0,Elevator call,984.1840186,7,0,1,1, got allocated to elevator, 1
989.0,Elev,1,  arrived at dest, 0, this call is done!, Elevator call,972.8032126,1,0,3,1, Done, dt, 16.19678739999995
989.0,Elev,1,  arrived at src, 0, Elevator call,975.8361203,0,-1,2,1
989.0, elevID,1,  pos,0,  cmd, goto,-1
997.0,Elev,1,  arrived at dest, -1, this call is done!, Elevator call,961.6862856,6,-1,3,1, Done, dt, 35.31371439999998
997.0,Elev,1,  arrived at dest, -1, this call is done!, Elevator call,975.8361203,0,-1,3,1, Done, dt, 21.163879700000052
997.0, elevID,1,  pos,-1,  cmd, goto,7
1006.0,Elev,1,  arrived at src, 7, Elevator call,984.1840186,7,0,2,1
1006.0, elevID,1,  pos,7,  cmd, goto,10
1014.0,Elev,1,  arrived at src, 10, Elevator call,978.5925149,10,0,2,1
1014.0,Elev,1,  arrived at src, 10, Elevator call,978.6210501,10,-1,2,1
1014.0, elevID,1,  pos,10,  cmd, goto,0
1023.0,Elev,1,  arrived at dest, 0, this call is done!, Elevator call,978.5925149,10,0,3,1, Done, dt, 44.40748510000003
1023.0,Elev,1,  arrived at dest, 0, this call is done!, Elevator call,984.1840186,7,0,3,1, Done, dt, 38.815981400000055
1023.0, elevID,1,  pos,0,  cmd, goto,-1
1031.0,Elev,1,  arrived at dest, -1, this call is done!, Elevator call,978.6210501,10,-1,3,1, Done, dt, 52.37894989999995
1032.0,************* Simulation Ended ************
Code Owners,111,  Building_file,B3.json,  Calls,output_B3_a.csv
Total waiting time: 4425.0,  average waiting time per call: 44.25,  unCompleted calls,0,  certificate, -35869625
