Ex1 (OOP) Simulator log: stage B4.json,  output_B4_a.csv
0.0,OOP_Ex1_Elevator_Simulator
0.0,Simulated Building, Building [-10,100]
0) ex1.Elevator_A, Elev_, id,0,  speed, 1.0, open: 2.0,  start: 3.0, close: 2.0,  stop: 3.0
1) ex1.Elevator_A, Elev_, id,1,  speed, 2.0, open: 2.0,  start: 3.0, close: 2.0,  stop: 3.0
2) ex1.Elevator_A, Elev_, id,2,  speed, 8.0, open: 1.25,  start: 1.875, close: 1.25,  stop: 1.875
3) ex1.Elevator_A, Elev_, id,3,  speed, 6.0, open: 1.6666666666666667,  start: 2.5, close: 1.6666666666666667,  stop: 2.5
4) ex1.Elevator_A, Elev_, id,4,  speed, 2.0, open: 2.0,  start: 3.0, close: 2.0,  stop: 3.0

0.0,Simulated Period starTime,0.0,  endTime,1104.1840186,  dt,1.0
0.0,Simulated  calls,Elevator log, size: 100
0.0,**** Simulation starts!! ****
5.0,Elevator call,4.37472729,0,-1,1,2, got allocated to elevator, 2
5.0,Elev,2,  arrived at src, 0, Elevator call,4.37472729,0,-1,2,2
5.0, elevID,2,  pos,0,  cmd, goto,-1
12.0,Elev,2,  arrived at dest, -1, this call is done!, Elevator call,4.37472729,0,-1,3,2, Done, dt, 7.62527271
17.0,Elevator call,16.95788289,-1,0,1,2, got allocated to elevator, 2
17.0,Elev,2,  arrived at src, -1, Elevator call,16.95788289,-1,0,2,2
17.0, elevID,2,  pos,-1,  cmd, goto,0
23.0,Elevator call,22.0940563,0,-1,1,2, got allocated to elevator, 2
24.0,Elev,2,  arrived at dest, 0, this call is done!, Elevator call,16.95788289,-1,0,3,2, Done, dt, 7.0421171099999995
24.0,Elev,2,  arrived at src, 0, Elevator call,22.0940563,0,-1,2,2
24.0, elevID,2,  pos,0,  cmd, goto,-1
31.0,Elev,2,  arrived at dest, -1, this call is done!, Elevator call,22.0940563,0,-1,3,2, Done, dt, 8.905943700000002
86.0,Elevator call,85.52096662,3,2,1,2, got allocated to elevator, 2
86.0, elevID,2,  pos,-1,  cmd, goto,3
92.0,Elevator call,91.21019413,-1,-2,1,2, got allocated to elevator, 2
93.0,Elev,2,  arrived at src, 3, Elevator call,85.52096662,3,2,2,2
93.0, elevID,2,  pos,3,  cmd, goto,2
100.0,Elev,2,  arrived at dest, 2, this call is done!, Elevator call,85.52096662,3,2,3,2, Done, dt, 14.479033380000004
100.0, elevID,2,  pos,2,  cmd, goto,-1
105.0,Elevator call,104.1370124,0,4,1,2, got allocated to elevator, 2
107.0,Elev,2,  arrived at src, -1, Elevator call,91.21019413,-1,-2,2,2
107.0, elevID,2,  pos,-1,  cmd, goto,-2
110.0,Elevator call,109.2135291,-1,0,1,2, got allocated to elevator, 2
, elevID,2,  pos,-1,  cmd, stop,-1
114.0,Elev,2,  arrived at src, -1, Elevator call,109.2135291,-1,0,2,2
114.0, elevID,2,  pos,-1,  cmd, goto,-2
115.0,Elevator call,114.392351,3,0,1,2, got allocated to elevator, 2
121.0,Elev,2,  arrived at dest, -2, this call is done!, Elevator call,91.21019413,-1,-2,3,2, Done, dt, 29.789805869999995
121.0, elevID,2,  pos,-2,  cmd, goto,0
125.0,Elevator call,124.425571,0,9,1,2, got allocated to elevator, 2
128.0,Elev,2,  arrived at src, 0, Elevator call,104.1370124,0,4,2,2
128.0,Elev,2,  arrived at dest, 0, this call is done!, Elevator call,109.2135291,-1,0,3,2, Done, dt, 18.786470899999998
128.0,Elev,2,  arrived at src, 0, Elevator call,124.425571,0,9,2,2
128.0, elevID,2,  pos,0,  cmd, goto,3
131.0,Elevator call,130.0249568,8,10,1,2, got allocated to elevator, 2
131.0,Elevator call,130.2249113,-1,1,1,2, got allocated to elevator, 2
135.0,Elev,2,  arrived at src, 3, Elevator call,114.392351,3,0,2,2
135.0, elevID,2,  pos,3,  cmd, goto,4
138.0,Elevator call,137.9515274,0,4,1,2, got allocated to elevator, 2
142.0,Elev,2,  arrived at dest, 4, this call is done!, Elevator call,104.1370124,0,4,3,2, Done, dt, 37.8629876
142.0, elevID,2,  pos,4,  cmd, goto,8
144.0,Elevator call,143.9133584,0,6,1,2, got allocated to elevator, 2
149.0,Elev,2,  arrived at src, 8, Elevator call,130.0249568,8,10,2,2
149.0, elevID,2,  pos,8,  cmd, goto,9
156.0,Elev,2,  arrived at dest, 9, this call is done!, Elevator call,124.425571,0,9,3,2, Done, dt, 31.574428999999995
156.0, elevID,2,  pos,9,  cmd, goto,10
163.0,Elev,2,  arrived at dest, 10, this call is done!, Elevator call,130.0249568,8,10,3,2, Done, dt, 32.97504319999999
163.0, elevID,2,  pos,10,  cmd, goto,0
170.0,Elevator call,169.7845834,-1,0,1,2, got allocated to elevator, 2
171.0,Elevator call,170.0099621,0,6,1,2, got allocated to elevator, 2
171.0,Elev,2,  arrived at dest, 0, this call is done!, Elevator call,114.392351,3,0,3,2, Done, dt, 56.607648999999995
171.0,Elev,2,  arrived at src, 0, Elevator call,137.9515274,0,4,2,2
171.0,Elev,2,  arrived at src, 0, Elevator call,143.9133584,0,6,2,2
171.0,Elev,2,  arrived at src, 0, Elevator call,170.0099621,0,6,2,2
171.0, elevID,2,  pos,0,  cmd, goto,-1
172.0,Elevator call,171.2117332,-1,8,1,2, got allocated to elevator, 2
175.0,Elevator call,174.8438515,0,-1,1,2, got allocated to elevator, 2
178.0,Elev,2,  arrived at src, -1, Elevator call,130.2249113,-1,1,2,2
178.0,Elev,2,  arrived at src, -1, Elevator call,169.7845834,-1,0,2,2
178.0,Elev,2,  arrived at src, -1, Elevator call,171.2117332,-1,8,2,2
178.0, elevID,2,  pos,-1,  cmd, goto,0
185.0,Elev,2,  arrived at dest, 0, this call is done!, Elevator call,169.7845834,-1,0,3,2, Done, dt, 15.215416599999998
185.0,Elev,2,  arrived at src, 0, Elevator call,174.8438515,0,-1,2,2
185.0, elevID,2,  pos,0,  cmd, goto,1
188.0,Elevator call,187.1167862,-1,-2,1,2, got allocated to elevator, 2
188.0,Elevator call,187.7299318,-1,-2,1,2, got allocated to elevator, 2
192.0,Elev,2,  arrived at dest, 1, this call is done!, Elevator call,130.2249113,-1,1,3,2, Done, dt, 61.7750887
192.0, elevID,2,  pos,1,  cmd, goto,4
196.0,Elevator call,195.9086965,0,7,1,2, got allocated to elevator, 2
198.0,Elevator call,197.5359191,-1,1,1,2, got allocated to elevator, 2
199.0,Elev,2,  arrived at dest, 4, this call is done!, Elevator call,137.9515274,0,4,3,2, Done, dt, 61.0484726
199.0, elevID,2,  pos,4,  cmd, goto,6
206.0,Elevator call,205.9895199,-1,0,1,2, got allocated to elevator, 2
206.0,Elev,2,  arrived at dest, 6, this call is done!, Elevator call,143.9133584,0,6,3,2, Done, dt, 62.08664160000001
206.0,Elev,2,  arrived at dest, 6, this call is done!, Elevator call,170.0099621,0,6,3,2, Done, dt, 35.990037900000004
206.0, elevID,2,  pos,6,  cmd, goto,8
213.0,Elev,2,  arrived at dest, 8, this call is done!, Elevator call,171.2117332,-1,8,3,2, Done, dt, 41.7882668
213.0, elevID,2,  pos,8,  cmd, goto,0
221.0,Elev,2,  arrived at src, 0, Elevator call,195.9086965,0,7,2,2
221.0, elevID,2,  pos,0,  cmd, goto,-1
228.0,Elevator call,227.0798305,-1,5,1,2, got allocated to elevator, 2
228.0,Elev,2,  arrived at dest, -1, this call is done!, Elevator call,174.8438515,0,-1,3,2, Done, dt, 53.1561485
228.0,Elev,2,  arrived at src, -1, Elevator call,187.1167862,-1,-2,2,2
228.0,Elev,2,  arrived at src, -1, Elevator call,187.7299318,-1,-2,2,2
228.0,Elev,2,  arrived at src, -1, Elevator call,197.5359191,-1,1,2,2
228.0,Elev,2,  arrived at src, -1, Elevator call,205.9895199,-1,0,2,2
228.0,Elev,2,  arrived at src, -1, Elevator call,227.0798305,-1,5,2,2
228.0, elevID,2,  pos,-1,  cmd, goto,-2
232.0,Elevator call,231.5157882,-1,0,1,2, got allocated to elevator, 2
233.0,Elevator call,232.9504362,0,-1,1,2, got allocated to elevator, 2
235.0,Elev,2,  arrived at dest, -2, this call is done!, Elevator call,187.1167862,-1,-2,3,2, Done, dt, 47.88321379999999
235.0,Elev,2,  arrived at dest, -2, this call is done!, Elevator call,187.7299318,-1,-2,3,2, Done, dt, 47.2700682
235.0, elevID,2,  pos,-2,  cmd, goto,-1
242.0,Elev,2,  arrived at src, -1, Elevator call,231.5157882,-1,0,2,2
242.0, elevID,2,  pos,-1,  cmd, goto,0
249.0,Elev,2,  arrived at dest, 0, this call is done!, Elevator call,205.9895199,-1,0,3,2, Done, dt, 43.010480099999995
249.0,Elev,2,  arrived at dest, 0, this call is done!, Elevator call,231.5157882,-1,0,3,2, Done, dt, 17.484211799999997
249.0,Elev,2,  arrived at src, 0, Elevator call,232.9504362,0,-1,2,2
249.0, elevID,2,  pos,0,  cmd, goto,1
252.0,Elevator call,251.1044469,-1,-2,1,2, got allocated to elevator, 2
252.0,Elevator call,251.2359335,0,9,1,2, got allocated to elevator, 2
252.0, elevID,2,  pos,0,  cmd, stop,0
255.0,Elevator call,254.6977153,3,4,1,2, got allocated to elevator, 2
256.0,Elev,2,  arrived at src, 0, Elevator call,251.2359335,0,9,2,2
256.0, elevID,2,  pos,0,  cmd, goto,1
258.0,Elevator call,257.7974435,-1,0,1,2, got allocated to elevator, 2
263.0,Elev,2,  arrived at dest, 1, this call is done!, Elevator call,197.5359191,-1,1,3,2, Done, dt, 65.4640809
263.0, elevID,2,  pos,1,  cmd, goto,3
270.0,Elev,2,  arrived at src, 3, Elevator call,254.6977153,3,4,2,2
270.0, elevID,2,  pos,3,  cmd, goto,4
277.0,Elev,2,  arrived at dest, 4, this call is done!, Elevator call,254.6977153,3,4,3,2, Done, dt, 22.3022847
277.0, elevID,2,  pos,4,  cmd, goto,5
284.0,Elev,2,  arrived at dest, 5, this call is done!, Elevator call,227.0798305,-1,5,3,2, Done, dt, 56.920169499999986
284.0, elevID,2,  pos,5,  cmd, goto,7
291.0,Elev,2,  arrived at dest, 7, this call is done!, Elevator call,195.9086965,0,7,3,2, Done, dt, 95.09130350000001
291.0, elevID,2,  pos,7,  cmd, goto,9
296.0,Elevator call,295.7943357,0,1,1,2, got allocated to elevator, 2
298.0,Elev,2,  arrived at dest, 9, this call is done!, Elevator call,251.2359335,0,9,3,2, Done, dt, 46.76406650000001
298.0, elevID,2,  pos,9,  cmd, goto,0
305.0,Elevator call,304.9984388,6,0,1,2, got allocated to elevator, 2
306.0,Elev,2,  arrived at src, 0, Elevator call,295.7943357,0,1,2,2
306.0, elevID,2,  pos,0,  cmd, goto,-1
310.0,Elevator call,309.3005383,0,-1,1,2, got allocated to elevator, 2
313.0,Elevator call,312.3018556,0,-1,1,2, got allocated to elevator, 2
313.0,Elev,2,  arrived at dest, -1, this call is done!, Elevator call,232.9504362,0,-1,3,2, Done, dt, 80.04956379999999
313.0,Elev,2,  arrived at src, -1, Elevator call,251.1044469,-1,-2,2,2
313.0,Elev,2,  arrived at src, -1, Elevator call,257.7974435,-1,0,2,2
313.0, elevID,2,  pos,-1,  cmd, goto,-2
317.0,Elevator call,316.0323783,0,-1,1,2, got allocated to elevator, 2
320.0,Elevator call,319.905202,6,5,1,2, got allocated to elevator, 2
320.0,Elev,2,  arrived at dest, -2, this call is done!, Elevator call,251.1044469,-1,-2,3,2, Done, dt, 68.8955531
320.0, elevID,2,  pos,-2,  cmd, goto,0
321.0,Elevator call,320.9760749,-1,0,1,2, got allocated to elevator, 2
321.0, elevID,2,  pos,-2,  cmd, stop,-1
322.0,Elevator call,321.370409,7,-1,1,2, got allocated to elevator, 2
327.0,Elev,2,  arrived at src, -1, Elevator call,320.9760749,-1,0,2,2
327.0, elevID,2,  pos,-1,  cmd, goto,0
333.0,Elevator call,332.4267319,0,10,1,2, got allocated to elevator, 2
334.0,Elev,2,  arrived at dest, 0, this call is done!, Elevator call,257.7974435,-1,0,3,2, Done, dt, 76.20255650000001
334.0,Elev,2,  arrived at src, 0, Elevator call,309.3005383,0,-1,2,2
334.0,Elev,2,  arrived at src, 0, Elevator call,312.3018556,0,-1,2,2
334.0,Elev,2,  arrived at src, 0, Elevator call,316.0323783,0,-1,2,2
334.0,Elev,2,  arrived at dest, 0, this call is done!, Elevator call,320.9760749,-1,0,3,2, Done, dt, 13.023925099999985
334.0,Elev,2,  arrived at src, 0, Elevator call,332.4267319,0,10,2,2
334.0, elevID,2,  pos,0,  cmd, goto,1
337.0,Elevator call,336.9304305,-1,0,1,2, got allocated to elevator, 2
341.0,Elev,2,  arrived at dest, 1, this call is done!, Elevator call,295.7943357,0,1,3,2, Done, dt, 45.205664300000024
341.0, elevID,2,  pos,1,  cmd, goto,6
348.0,Elev,2,  arrived at src, 6, Elevator call,304.9984388,6,0,2,2
348.0,Elev,2,  arrived at src, 6, Elevator call,319.905202,6,5,2,2
348.0, elevID,2,  pos,6,  cmd, goto,7
355.0,Elev,2,  arrived at src, 7, Elevator call,321.370409,7,-1,2,2
355.0, elevID,2,  pos,7,  cmd, goto,10
362.0,Elev,2,  arrived at dest, 10, this call is done!, Elevator call,332.4267319,0,10,3,2, Done, dt, 29.573268100000007
362.0, elevID,2,  pos,10,  cmd, goto,5
369.0,Elev,2,  arrived at dest, 5, this call is done!, Elevator call,319.905202,6,5,3,2, Done, dt, 49.094798000000026
369.0, elevID,2,  pos,5,  cmd, goto,0
376.0,Elevator call,375.490481,1,0,1,2, got allocated to elevator, 2
376.0,Elev,2,  arrived at dest, 0, this call is done!, Elevator call,304.9984388,6,0,3,2, Done, dt, 71.00156120000003
376.0, elevID,2,  pos,0,  cmd, goto,-1
383.0,Elev,2,  arrived at dest, -1, this call is done!, Elevator call,309.3005383,0,-1,3,2, Done, dt, 73.69946169999997
383.0,Elev,2,  arrived at dest, -1, this call is done!, Elevator call,312.3018556,0,-1,3,2, Done, dt, 70.69814439999999
383.0,Elev,2,  arrived at dest, -1, this call is done!, Elevator call,316.0323783,0,-1,3,2, Done, dt, 66.9676217
383.0,Elev,2,  arrived at dest, -1, this call is done!, Elevator call,321.370409,7,-1,3,2, Done, dt, 61.629591000000005
383.0,Elev,2,  arrived at src, -1, Elevator call,336.9304305,-1,0,2,2
383.0, elevID,2,  pos,-1,  cmd, goto,0
390.0,Elev,2,  arrived at dest, 0, this call is done!, Elevator call,336.9304305,-1,0,3,2, Done, dt, 53.0695695
390.0, elevID,2,  pos,0,  cmd, goto,1
393.0,Elevator call,392.5160765,0,5,1,2, got allocated to elevator, 2
393.0, elevID,2,  pos,0,  cmd, stop,0
397.0,Elev,2,  arrived at src, 0, Elevator call,392.5160765,0,5,2,2
397.0, elevID,2,  pos,0,  cmd, goto,1
404.0,Elev,2,  arrived at src, 1, Elevator call,375.490481,1,0,2,2
404.0, elevID,2,  pos,1,  cmd, goto,5
406.0,Elevator call,405.1821141,-1,10,1,2, got allocated to elevator, 2
411.0,Elev,2,  arrived at dest, 5, this call is done!, Elevator call,392.5160765,0,5,3,2, Done, dt, 18.483923500000003
411.0, elevID,2,  pos,5,  cmd, goto,0
418.0,Elev,2,  arrived at dest, 0, this call is done!, Elevator call,375.490481,1,0,3,2, Done, dt, 42.50951900000001
418.0, elevID,2,  pos,0,  cmd, goto,-1
425.0,Elev,2,  arrived at src, -1, Elevator call,405.1821141,-1,10,2,2
425.0, elevID,2,  pos,-1,  cmd, goto,10
427.0,Elevator call,426.8615805,2,0,1,2, got allocated to elevator, 2
427.0, elevID,2,  pos,-1,  cmd, stop,2
432.0,Elev,2,  arrived at src, 2, Elevator call,426.8615805,2,0,2,2
432.0, elevID,2,  pos,2,  cmd, goto,10
438.0,Elevator call,437.1711158,1,0,1,2, got allocated to elevator, 2
440.0,Elev,2,  arrived at dest, 10, this call is done!, Elevator call,405.1821141,-1,10,3,2, Done, dt, 34.81788590000002
440.0, elevID,2,  pos,10,  cmd, goto,1
448.0,Elev,2,  arrived at src, 1, Elevator call,437.1711158,1,0,2,2
448.0, elevID,2,  pos,1,  cmd, goto,0
455.0,Elev,2,  arrived at dest, 0, this call is done!, Elevator call,426.8615805,2,0,3,2, Done, dt, 28.138419499999998
455.0,Elev,2,  arrived at dest, 0, this call is done!, Elevator call,437.1711158,1,0,3,2, Done, dt, 17.828884200000005
473.0,Elevator call,472.7445474,10,-1,1,2, got allocated to elevator, 2
473.0, elevID,2,  pos,0,  cmd, goto,10
481.0,Elev,2,  arrived at src, 10, Elevator call,472.7445474,10,-1,2,2
481.0, elevID,2,  pos,10,  cmd, goto,-1
489.0,Elev,2,  arrived at dest, -1, this call is done!, Elevator call,472.7445474,10,-1,3,2, Done, dt, 16.255452600000012
501.0,Elevator call,500.3712045,8,-1,1,2, got allocated to elevator, 2
501.0, elevID,2,  pos,-1,  cmd, goto,8
504.0,Elevator call,503.1384784,1,-1,1,2, got allocated to elevator, 2
504.0, elevID,2,  pos,-1,  cmd, stop,1
505.0,Elevator call,504.4317942,0,-1,1,2, got allocated to elevator, 2
508.0,Elev,2,  arrived at src, 1, Elevator call,503.1384784,1,-1,2,2
508.0, elevID,2,  pos,1,  cmd, goto,8
516.0,Elev,2,  arrived at src, 8, Elevator call,500.3712045,8,-1,2,2
516.0, elevID,2,  pos,8,  cmd, goto,0
524.0,Elev,2,  arrived at src, 0, Elevator call,504.4317942,0,-1,2,2
524.0, elevID,2,  pos,0,  cmd, goto,-1
530.0,Elevator call,529.6277472,3,-1,1,2, got allocated to elevator, 2
531.0,Elev,2,  arrived at dest, -1, this call is done!, Elevator call,500.3712045,8,-1,3,2, Done, dt, 30.628795500000024
531.0,Elev,2,  arrived at dest, -1, this call is done!, Elevator call,503.1384784,1,-1,3,2, Done, dt, 27.861521600000003
531.0,Elev,2,  arrived at dest, -1, this call is done!, Elevator call,504.4317942,0,-1,3,2, Done, dt, 26.568205799999987
531.0, elevID,2,  pos,-1,  cmd, goto,3
538.0,Elevator call,537.7866884,-1,6,1,2, got allocated to elevator, 2
538.0,Elev,2,  arrived at src, 3, Elevator call,529.6277472,3,-1,2,2
538.0, elevID,2,  pos,3,  cmd, goto,-1
545.0,Elevator call,544.7880392,6,-1,1,2, got allocated to elevator, 2
545.0,Elev,2,  arrived at dest, -1, this call is done!, Elevator call,529.6277472,3,-1,3,2, Done, dt, 15.372252799999956
545.0,Elev,2,  arrived at src, -1, Elevator call,537.7866884,-1,6,2,2
545.0, elevID,2,  pos,-1,  cmd, goto,6
553.0,Elev,2,  arrived at dest, 6, this call is done!, Elevator call,537.7866884,-1,6,3,2, Done, dt, 15.213311599999997
553.0,Elev,2,  arrived at src, 6, Elevator call,544.7880392,6,-1,2,2
553.0, elevID,2,  pos,6,  cmd, goto,-1
555.0,Elevator call,554.0892923,4,0,1,2, got allocated to elevator, 2
, elevID,2,  pos,6,  cmd, stop,4
558.0,Elevator call,557.244139,10,0,1,2, got allocated to elevator, 2
560.0,Elev,2,  arrived at src, 4, Elevator call,554.0892923,4,0,2,2
560.0, elevID,2,  pos,4,  cmd, goto,0
566.0,Elevator call,565.0195522,0,-1,1,2, got allocated to elevator, 2
567.0,Elev,2,  arrived at dest, 0, this call is done!, Elevator call,554.0892923,4,0,3,2, Done, dt, 12.910707699999989
567.0,Elev,2,  arrived at src, 0, Elevator call,565.0195522,0,-1,2,2
567.0, elevID,2,  pos,0,  cmd, goto,-1
574.0,Elev,2,  arrived at dest, -1, this call is done!, Elevator call,544.7880392,6,-1,3,2, Done, dt, 29.211960800000043
574.0,Elev,2,  arrived at dest, -1, this call is done!, Elevator call,565.0195522,0,-1,3,2, Done, dt, 8.980447799999979
574.0, elevID,2,  pos,-1,  cmd, goto,10
582.0,Elevator call,581.870309,0,3,1,2, got allocated to elevator, 2
582.0,Elev,2,  arrived at src, 10, Elevator call,557.244139,10,0,2,2
582.0, elevID,2,  pos,10,  cmd, goto,0
590.0,Elev,2,  arrived at dest, 0, this call is done!, Elevator call,557.244139,10,0,3,2, Done, dt, 32.75586099999998
590.0,Elev,2,  arrived at src, 0, Elevator call,581.870309,0,3,2,2
590.0, elevID,2,  pos,0,  cmd, goto,3
597.0,Elevator call,596.1232023,8,0,1,2, got allocated to elevator, 2
597.0,Elev,2,  arrived at dest, 3, this call is done!, Elevator call,581.870309,0,3,3,2, Done, dt, 15.12969099999998
597.0, elevID,2,  pos,3,  cmd, goto,8
601.0,Elevator call,600.931288,1,0,1,2, got allocated to elevator, 2
604.0,Elevator call,603.9342327,7,0,1,2, got allocated to elevator, 2
604.0,Elev,2,  arrived at src, 8, Elevator call,596.1232023,8,0,2,2
604.0, elevID,2,  pos,8,  cmd, goto,7
611.0,Elev,2,  arrived at src, 7, Elevator call,603.9342327,7,0,2,2
611.0, elevID,2,  pos,7,  cmd, goto,1
618.0,Elevator call,617.9628339,0,3,1,2, got allocated to elevator, 2
618.0,Elev,2,  arrived at src, 1, Elevator call,600.931288,1,0,2,2
618.0, elevID,2,  pos,1,  cmd, goto,0
620.0,Elevator call,619.6454197,9,0,1,2, got allocated to elevator, 2
625.0,Elev,2,  arrived at dest, 0, this call is done!, Elevator call,596.1232023,8,0,3,2, Done, dt, 28.876797699999997
625.0,Elev,2,  arrived at dest, 0, this call is done!, Elevator call,600.931288,1,0,3,2, Done, dt, 24.068712000000005
625.0,Elev,2,  arrived at dest, 0, this call is done!, Elevator call,603.9342327,7,0,3,2, Done, dt, 21.065767299999948
625.0,Elev,2,  arrived at src, 0, Elevator call,617.9628339,0,3,2,2
625.0, elevID,2,  pos,0,  cmd, goto,3
627.0,Elevator call,626.2116172,0,1,1,2, got allocated to elevator, 2
627.0, elevID,2,  pos,0,  cmd, stop,0
632.0,Elev,2,  arrived at src, 0, Elevator call,626.2116172,0,1,2,2
632.0, elevID,2,  pos,0,  cmd, goto,1
639.0,Elev,2,  arrived at dest, 1, this call is done!, Elevator call,626.2116172,0,1,3,2, Done, dt, 12.788382800000022
639.0, elevID,2,  pos,1,  cmd, goto,3
644.0,Elevator call,643.8547515,-1,2,1,2, got allocated to elevator, 2
646.0,Elev,2,  arrived at dest, 3, this call is done!, Elevator call,617.9628339,0,3,3,2, Done, dt, 28.037166100000036
646.0, elevID,2,  pos,3,  cmd, goto,9
653.0,Elev,2,  arrived at src, 9, Elevator call,619.6454197,9,0,2,2
653.0, elevID,2,  pos,9,  cmd, goto,0
661.0,Elevator call,660.0732908,6,10,1,2, got allocated to elevator, 2
661.0,Elev,2,  arrived at dest, 0, this call is done!, Elevator call,619.6454197,9,0,3,2, Done, dt, 41.35458029999995
661.0, elevID,2,  pos,0,  cmd, goto,-1
662.0,Elevator call,661.042082,-1,3,1,2, got allocated to elevator, 2
663.0,Elevator call,662.1730528,-1,5,1,2, got allocated to elevator, 2
666.0,Elevator call,665.1155549,-1,8,1,2, got allocated to elevator, 2
667.0,Elevator call,666.0340295,4,0,1,2, got allocated to elevator, 2
667.0,Elevator call,666.2411587,5,-1,1,2, got allocated to elevator, 2
668.0,Elev,2,  arrived at src, -1, Elevator call,643.8547515,-1,2,2,2
668.0,Elev,2,  arrived at src, -1, Elevator call,661.042082,-1,3,2,2
668.0,Elev,2,  arrived at src, -1, Elevator call,662.1730528,-1,5,2,2
668.0,Elev,2,  arrived at src, -1, Elevator call,665.1155549,-1,8,2,2
668.0, elevID,2,  pos,-1,  cmd, goto,2
673.0,Elevator call,672.6773142,0,-1,1,2, got allocated to elevator, 2
675.0,Elev,2,  arrived at dest, 2, this call is done!, Elevator call,643.8547515,-1,2,3,2, Done, dt, 31.14524849999998
675.0, elevID,2,  pos,2,  cmd, goto,3
678.0,Elevator call,677.7341948,0,-1,1,2, got allocated to elevator, 2
679.0,Elevator call,678.9953585,-1,-2,1,2, got allocated to elevator, 2
682.0,Elev,2,  arrived at dest, 3, this call is done!, Elevator call,661.042082,-1,3,3,2, Done, dt, 20.95791799999995
682.0, elevID,2,  pos,3,  cmd, goto,4
689.0,Elev,2,  arrived at src, 4, Elevator call,666.0340295,4,0,2,2
689.0, elevID,2,  pos,4,  cmd, goto,5
696.0,Elevator call,695.2239882,0,10,1,2, got allocated to elevator, 2
696.0,Elev,2,  arrived at dest, 5, this call is done!, Elevator call,662.1730528,-1,5,3,2, Done, dt, 33.82694719999995
696.0,Elev,2,  arrived at src, 5, Elevator call,666.2411587,5,-1,2,2
696.0, elevID,2,  pos,5,  cmd, goto,6
703.0,Elev,2,  arrived at src, 6, Elevator call,660.0732908,6,10,2,2
703.0, elevID,2,  pos,6,  cmd, goto,8
707.0,Elevator call,706.1583475,-1,-2,1,2, got allocated to elevator, 2
710.0,Elev,2,  arrived at dest, 8, this call is done!, Elevator call,665.1155549,-1,8,3,2, Done, dt, 44.88444509999999
710.0, elevID,2,  pos,8,  cmd, goto,10
711.0,Elevator call,710.324977,0,1,1,2, got allocated to elevator, 2
714.0,Elevator call,713.0191971,1,0,1,2, got allocated to elevator, 2
714.0,Elevator call,713.2499766,10,-1,1,2, got allocated to elevator, 2
717.0,Elev,2,  arrived at dest, 10, this call is done!, Elevator call,660.0732908,6,10,3,2, Done, dt, 56.926709200000005
717.0,Elev,2,  arrived at src, 10, Elevator call,713.2499766,10,-1,2,2
717.0, elevID,2,  pos,10,  cmd, goto,1
723.0,Elevator call,722.6161213,10,0,1,2, got allocated to elevator, 2
725.0,Elev,2,  arrived at src, 1, Elevator call,713.0191971,1,0,2,2
725.0, elevID,2,  pos,1,  cmd, goto,0
728.0,Elevator call,727.5146029,-1,0,1,2, got allocated to elevator, 2
732.0,Elev,2,  arrived at dest, 0, this call is done!, Elevator call,666.0340295,4,0,3,2, Done, dt, 65.96597050000003
732.0,Elev,2,  arrived at src, 0, Elevator call,672.6773142,0,-1,2,2
732.0,Elev,2,  arrived at src, 0, Elevator call,677.7341948,0,-1,2,2
732.0,Elev,2,  arrived at src, 0, Elevator call,695.2239882,0,10,2,2
732.0,Elev,2,  arrived at src, 0, Elevator call,710.324977,0,1,2,2
732.0,Elev,2,  arrived at dest, 0, this call is done!, Elevator call,713.0191971,1,0,3,2, Done, dt, 18.980802899999958
732.0, elevID,2,  pos,0,  cmd, goto,-1
733.0,Elevator call,732.9746341,6,-1,1,2, got allocated to elevator, 2
738.0,Elevator call,737.3147202,1,0,1,2, got allocated to elevator, 2
739.0,Elev,2,  arrived at dest, -1, this call is done!, Elevator call,666.2411587,5,-1,3,2, Done, dt, 72.75884129999997
739.0,Elev,2,  arrived at dest, -1, this call is done!, Elevator call,672.6773142,0,-1,3,2, Done, dt, 66.32268580000004
739.0,Elev,2,  arrived at dest, -1, this call is done!, Elevator call,677.7341948,0,-1,3,2, Done, dt, 61.265805200000045
739.0,Elev,2,  arrived at src, -1, Elevator call,678.9953585,-1,-2,2,2
739.0,Elev,2,  arrived at src, -1, Elevator call,706.1583475,-1,-2,2,2
739.0,Elev,2,  arrived at dest, -1, this call is done!, Elevator call,713.2499766,10,-1,3,2, Done, dt, 25.750023400000032
739.0,Elev,2,  arrived at src, -1, Elevator call,727.5146029,-1,0,2,2
739.0, elevID,2,  pos,-1,  cmd, goto,-2
746.0,Elev,2,  arrived at dest, -2, this call is done!, Elevator call,678.9953585,-1,-2,3,2, Done, dt, 67.00464150000005
746.0,Elev,2,  arrived at dest, -2, this call is done!, Elevator call,706.1583475,-1,-2,3,2, Done, dt, 39.84165250000001
746.0, elevID,2,  pos,-2,  cmd, goto,0
753.0,Elev,2,  arrived at dest, 0, this call is done!, Elevator call,727.5146029,-1,0,3,2, Done, dt, 25.4853971
753.0, elevID,2,  pos,0,  cmd, goto,1
760.0,Elev,2,  arrived at dest, 1, this call is done!, Elevator call,710.324977,0,1,3,2, Done, dt, 49.67502300000001
760.0,Elev,2,  arrived at src, 1, Elevator call,737.3147202,1,0,2,2
760.0, elevID,2,  pos,1,  cmd, goto,6
767.0,Elev,2,  arrived at src, 6, Elevator call,732.9746341,6,-1,2,2
767.0, elevID,2,  pos,6,  cmd, goto,10
774.0,Elev,2,  arrived at dest, 10, this call is done!, Elevator call,695.2239882,0,10,3,2, Done, dt, 78.77601179999999
774.0,Elev,2,  arrived at src, 10, Elevator call,722.6161213,10,0,2,2
774.0, elevID,2,  pos,10,  cmd, goto,0
780.0,Elevator call,779.3996914,-1,5,1,2, got allocated to elevator, 2
782.0,Elev,2,  arrived at dest, 0, this call is done!, Elevator call,722.6161213,10,0,3,2, Done, dt, 59.38387869999997
782.0,Elev,2,  arrived at dest, 0, this call is done!, Elevator call,737.3147202,1,0,3,2, Done, dt, 44.68527979999999
782.0, elevID,2,  pos,0,  cmd, goto,-1
789.0,Elev,2,  arrived at dest, -1, this call is done!, Elevator call,732.9746341,6,-1,3,2, Done, dt, 56.0253659
789.0,Elev,2,  arrived at src, -1, Elevator call,779.3996914,-1,5,2,2
789.0, elevID,2,  pos,-1,  cmd, goto,5
796.0,Elev,2,  arrived at dest, 5, this call is done!, Elevator call,779.3996914,-1,5,3,2, Done, dt, 16.60030859999995
806.0,Elevator call,805.6754743,-1,-2,1,2, got allocated to elevator, 2
806.0, elevID,2,  pos,5,  cmd, goto,-1
811.0,Elevator call,810.4469089,2,0,1,2, got allocated to elevator, 2
813.0,Elev,2,  arrived at src, -1, Elevator call,805.6754743,-1,-2,2,2
813.0, elevID,2,  pos,-1,  cmd, goto,-2
817.0,Elevator call,816.1516998,7,-1,1,2, got allocated to elevator, 2
820.0,Elev,2,  arrived at dest, -2, this call is done!, Elevator call,805.6754743,-1,-2,3,2, Done, dt, 14.324525699999981
820.0, elevID,2,  pos,-2,  cmd, goto,2
826.0,Elevator call,825.4575185,7,0,1,2, got allocated to elevator, 2
827.0,Elev,2,  arrived at src, 2, Elevator call,810.4469089,2,0,2,2
827.0, elevID,2,  pos,2,  cmd, goto,7
834.0,Elev,2,  arrived at src, 7, Elevator call,816.1516998,7,-1,2,2
834.0,Elev,2,  arrived at src, 7, Elevator call,825.4575185,7,0,2,2
834.0, elevID,2,  pos,7,  cmd, goto,0
840.0,Elevator call,839.8525653,0,1,1,2, got allocated to elevator, 2
842.0,Elev,2,  arrived at dest, 0, this call is done!, Elevator call,810.4469089,2,0,3,2, Done, dt, 31.55309109999996
842.0,Elev,2,  arrived at dest, 0, this call is done!, Elevator call,825.4575185,7,0,3,2, Done, dt, 16.542481500000008
842.0,Elev,2,  arrived at src, 0, Elevator call,839.8525653,0,1,2,2
842.0, elevID,2,  pos,0,  cmd, goto,-1
849.0,Elev,2,  arrived at dest, -1, this call is done!, Elevator call,816.1516998,7,-1,3,2, Done, dt, 32.84830020000004
849.0, elevID,2,  pos,-1,  cmd, goto,1
855.0,Elevator call,854.2002278,6,-1,1,2, got allocated to elevator, 2
856.0,Elev,2,  arrived at dest, 1, this call is done!, Elevator call,839.8525653,0,1,3,2, Done, dt, 16.147434699999963
856.0, elevID,2,  pos,1,  cmd, goto,6
863.0,Elev,2,  arrived at src, 6, Elevator call,854.2002278,6,-1,2,2
863.0, elevID,2,  pos,6,  cmd, goto,-1
864.0,Elevator call,863.8932913,0,-1,1,2, got allocated to elevator, 2
, elevID,2,  pos,6,  cmd, stop,0
870.0,Elev,2,  arrived at src, 0, Elevator call,863.8932913,0,-1,2,2
870.0, elevID,2,  pos,0,  cmd, goto,-1
871.0,Elevator call,870.5053024,0,7,1,2, got allocated to elevator, 2
, elevID,2,  pos,0,  cmd, stop,0
877.0,Elev,2,  arrived at src, 0, Elevator call,870.5053024,0,7,2,2
877.0, elevID,2,  pos,0,  cmd, goto,-1
884.0,Elev,2,  arrived at dest, -1, this call is done!, Elevator call,854.2002278,6,-1,3,2, Done, dt, 29.799772200000007
884.0,Elev,2,  arrived at dest, -1, this call is done!, Elevator call,863.8932913,0,-1,3,2, Done, dt, 20.106708700000013
884.0, elevID,2,  pos,-1,  cmd, goto,7
887.0,Elevator call,886.5649993,-1,-2,1,2, got allocated to elevator, 2
887.0, elevID,2,  pos,-1,  cmd, stop,-1
891.0,Elev,2,  arrived at src, -1, Elevator call,886.5649993,-1,-2,2,2
891.0, elevID,2,  pos,-1,  cmd, goto,7
893.0,Elevator call,892.5212151,9,-1,1,2, got allocated to elevator, 2
899.0,Elev,2,  arrived at dest, 7, this call is done!, Elevator call,870.5053024,0,7,3,2, Done, dt, 28.494697599999995
899.0, elevID,2,  pos,7,  cmd, goto,9
906.0,Elev,2,  arrived at src, 9, Elevator call,892.5212151,9,-1,2,2
906.0, elevID,2,  pos,9,  cmd, goto,-1
911.0,Elevator call,910.5388559,6,5,1,2, got allocated to elevator, 2
914.0,Elev,2,  arrived at dest, -1, this call is done!, Elevator call,892.5212151,9,-1,3,2, Done, dt, 21.47878490000005
914.0, elevID,2,  pos,-1,  cmd, goto,-2
916.0,Elevator call,915.9490575,4,-1,1,2, got allocated to elevator, 2
921.0,Elev,2,  arrived at dest, -2, this call is done!, Elevator call,886.5649993,-1,-2,3,2, Done, dt, 34.435000700000046
921.0, elevID,2,  pos,-2,  cmd, goto,4
928.0,Elev,2,  arrived at src, 4, Elevator call,915.9490575,4,-1,2,2
928.0, elevID,2,  pos,4,  cmd, goto,6
934.0,Elevator call,933.8580452,7,5,1,2, got allocated to elevator, 2
935.0,Elev,2,  arrived at src, 6, Elevator call,910.5388559,6,5,2,2
935.0, elevID,2,  pos,6,  cmd, goto,7
942.0,Elev,2,  arrived at src, 7, Elevator call,933.8580452,7,5,2,2
942.0, elevID,2,  pos,7,  cmd, goto,5
949.0,Elev,2,  arrived at dest, 5, this call is done!, Elevator call,910.5388559,6,5,3,2, Done, dt, 38.461144099999956
949.0,Elev,2,  arrived at dest, 5, this call is done!, Elevator call,933.8580452,7,5,3,2, Done, dt, 15.141954800000008
949.0, elevID,2,  pos,5,  cmd, goto,-1
956.0,Elev,2,  arrived at dest, -1, this call is done!, Elevator call,915.9490575,4,-1,3,2, Done, dt, 40.05094250000002
962.0,Elevator call,961.6862856,6,-1,1,2, got allocated to elevator, 2
962.0, elevID,2,  pos,-1,  cmd, goto,6
970.0,Elev,2,  arrived at src, 6, Elevator call,961.6862856,6,-1,2,2
970.0, elevID,2,  pos,6,  cmd, goto,-1
973.0,Elevator call,972.8032126,1,0,1,2, got allocated to elevator, 2
, elevID,2,  pos,6,  cmd, stop,1
976.0,Elevator call,975.8361203,0,-1,1,2, got allocated to elevator, 2
977.0,Elev,2,  arrived at src, 1, Elevator call,972.8032126,1,0,2,2
977.0, elevID,2,  pos,1,  cmd, goto,0
979.0,Elevator call,978.5925149,10,0,1,2, got allocated to elevator, 2
979.0,Elevator call,978.6210501,10,-1,1,2, got allocated to elevator, 2
984.0,Elev,2,  arrived at dest, 0, this call is done!, Elevator call,972.8032126,1,0,3,2, Done, dt, 11.196787399999948
984.0,Elev,2,  arrived at src, 0, Elevator call,975.8361203,0,-1,2,2
984.0, elevID,2,  pos,0,  cmd, goto,-1
985.0,Elevator call,984.1840186,7,0,1,2, got allocated to elevator, 2
991.0,Elev,2,  arrived at dest, -1, this call is done!, Elevator call,961.6862856,6,-1,3,2, Done, dt, 29.31371439999998
991.0,Elev,2,  arrived at dest, -1, this call is done!, Elevator call,975.8361203,0,-1,3,2, Done, dt, 15.163879700000052
991.0, elevID,2,  pos,-1,  cmd, goto,7
999.0,Elev,2,  arrived at src, 7, Elevator call,984.1840186,7,0,2,2
999.0, elevID,2,  pos,7,  cmd, goto,10
1006.0,Elev,2,  arrived at src, 10, Elevator call,978.5925149,10,0,2,2
1006.0,Elev,2,  arrived at src, 10, Elevator call,978.6210501,10,-1,2,2
1006.0, elevID,2,  pos,10,  cmd, goto,0
1014.0,Elev,2,  arrived at dest, 0, this call is done!, Elevator call,978.5925149,10,0,3,2, Done, dt, 35.40748510000003
1014.0,Elev,2,  arrived at dest, 0, this call is done!, Elevator call,984.1840186,7,0,3,2, Done, dt, 29.815981400000055
1014.0, elevID,2,  pos,0,  cmd, goto,-1
1021.0,Elev,2,  arrived at dest, -1, this call is done!, Elevator call,978.6210501,10,-1,3,2, Done, dt, 42.37894989999995
1022.0,************* Simulation Ended ************
Code Owners,111,  Building_file,B4.json,  Calls,output_B4_a.csv
Total waiting time: 3696.0,  average waiting time per call: 36.96,  unCompleted calls,0,  certificate, -205860433
