Ex1 (OOP) Simulator log: stage B5.json,  output_B5_a.csv
0.0,OOP_Ex1_Elevator_Simulator
0.0,Simulated Building, Building [-10,100]
0) ex1.Elevator_A, Elev_, id,0,  speed, 9.0, open: 1.1111111111111112,  start: 1.6666666666666667, close: 1.1111111111111112,  stop: 1.6666666666666667
1) ex1.Elevator_A, Elev_, id,1,  speed, 7.0, open: 1.4285714285714286,  start: 2.142857142857143, close: 1.4285714285714286,  stop: 2.142857142857143
2) ex1.Elevator_A, Elev_, id,2,  speed, 5.0, open: 2.0,  start: 3.0, close: 2.0,  stop: 3.0
3) ex1.Elevator_A, Elev_, id,3,  speed, 5.0, open: 2.0,  start: 3.0, close: 2.0,  stop: 3.0
4) ex1.Elevator_A, Elev_, id,4,  speed, 3.0, open: 2.0,  start: 3.0, close: 2.0,  stop: 3.0
5) ex1.Elevator_A, Elev_, id,5,  speed, 3.0, open: 2.0,  start: 3.0, close: 2.0,  stop: 3.0
6) ex1.Elevator_A, Elev_, id,6,  speed, 1.5, open: 2.0,  start: 3.0, close: 2.0,  stop: 3.0
7) ex1.Elevator_A, Elev_, id,7,  speed, 9.0, open: 1.1111111111111112,  start: 1.6666666666666667, close: 1.1111111111111112,  stop: 1.6666666666666667
8) ex1.Elevator_A, Elev_, id,8,  speed, 9.0, open: 1.1111111111111112,  start: 1.6666666666666667, close: 1.1111111111111112,  stop: 1.6666666666666667
9) ex1.Elevator_A, Elev_, id,9,  speed, 2.0, open: 2.0,  start: 3.0, close: 2.0,  stop: 3.0

0.0,Simulated Period starTime,0.0,  endTime,1104.1840186,  dt,1.0
0.0,Simulated  calls,Elevator log, size: 100
0.0,**** Simulation starts!! ****
5.0,Elevator call,4.37472729,0,-1,1,0, got allocated to elevator, 0
5.0,Elev,0,  arrived at src, 0, Elevator call,4.37472729,0,-1,2,0
5.0, elevID,0,  pos,0,  cmd, goto,-1
11.0,Elev,0,  arrived at dest, -1, this call is done!, Elevator call,4.37472729,0,-1,3,0, Done, dt, 6.62527271
17.0,Elevator call,16.95788289,-1,0,1,0, got allocated to elevator, 0
17.0,Elev,0,  arrived at src, -1, Elevator call,16.95788289,-1,0,2,0
17.0, elevID,0,  pos,-1,  cmd, goto,0
23.0,Elevator call,22.0940563,0,-1,1,0, got allocated to elevator, 0
23.0,Elev,0,  arrived at dest, 0, this call is done!, Elevator call,16.95788289,-1,0,3,0, Done, dt, 6.0421171099999995
23.0,Elev,0,  arrived at src, 0, Elevator call,22.0940563,0,-1,2,0
23.0, elevID,0,  pos,0,  cmd, goto,-1
29.0,Elev,0,  arrived at dest, -1, this call is done!, Elevator call,22.0940563,0,-1,3,0, Done, dt, 6.905943700000002
86.0,Elevator call,85.52096662,3,2,1,0, got allocated to elevator, 0
86.0, elevID,0,  pos,-1,  cmd, goto,3
92.0,Elevator call,91.21019413,-1,-2,1,0, got allocated to elevator, 0
92.0,Elev,0,  arrived at src, 3, Elevator call,85.52096662,3,2,2,0
92.0, elevID,0,  pos,3,  cmd, goto,2
98.0,Elev,0,  arrived at dest, 2, this call is done!, Elevator call,85.52096662,3,2,3,0, Done, dt, 12.479033380000004
98.0, elevID,0,  pos,2,  cmd, goto,-1
104.0,Elev,0,  arrived at src, -1, Elevator call,91.21019413,-1,-2,2,0
104.0, elevID,0,  pos,-1,  cmd, goto,-2
105.0,Elevator call,104.1370124,0,4,1,0, got allocated to elevator, 0
110.0,Elevator call,109.2135291,-1,0,1,0, got allocated to elevator, 0
110.0,Elev,0,  arrived at dest, -2, this call is done!, Elevator call,91.21019413,-1,-2,3,0, Done, dt, 18.789805869999995
110.0, elevID,0,  pos,-2,  cmd, goto,-1
115.0,Elevator call,114.392351,3,0,1,0, got allocated to elevator, 0
116.0,Elev,0,  arrived at src, -1, Elevator call,109.2135291,-1,0,2,0
116.0, elevID,0,  pos,-1,  cmd, goto,0
122.0,Elev,0,  arrived at src, 0, Elevator call,104.1370124,0,4,2,0
122.0,Elev,0,  arrived at dest, 0, this call is done!, Elevator call,109.2135291,-1,0,3,0, Done, dt, 12.786470899999998
122.0, elevID,0,  pos,0,  cmd, goto,3
125.0,Elevator call,124.425571,0,9,1,0, got allocated to elevator, 0
128.0,Elev,0,  arrived at src, 3, Elevator call,114.392351,3,0,2,0
128.0, elevID,0,  pos,3,  cmd, goto,4
131.0,Elevator call,130.0249568,8,10,1,0, got allocated to elevator, 0
131.0,Elevator call,130.2249113,-1,1,1,0, got allocated to elevator, 0
134.0,Elev,0,  arrived at dest, 4, this call is done!, Elevator call,104.1370124,0,4,3,0, Done, dt, 29.862987599999997
134.0, elevID,0,  pos,4,  cmd, goto,8
138.0,Elevator call,137.9515274,0,4,1,0, got allocated to elevator, 0
140.0,Elev,0,  arrived at src, 8, Elevator call,130.0249568,8,10,2,0
140.0, elevID,0,  pos,8,  cmd, goto,10
144.0,Elevator call,143.9133584,0,6,1,0, got allocated to elevator, 0
146.0,Elev,0,  arrived at dest, 10, this call is done!, Elevator call,130.0249568,8,10,3,0, Done, dt, 15.975043199999988
146.0, elevID,0,  pos,10,  cmd, goto,0
153.0,Elev,0,  arrived at dest, 0, this call is done!, Elevator call,114.392351,3,0,3,0, Done, dt, 38.607648999999995
153.0,Elev,0,  arrived at src, 0, Elevator call,124.425571,0,9,2,0
153.0,Elev,0,  arrived at src, 0, Elevator call,137.9515274,0,4,2,0
153.0,Elev,0,  arrived at src, 0, Elevator call,143.9133584,0,6,2,0
153.0, elevID,0,  pos,0,  cmd, goto,-1
159.0,Elev,0,  arrived at src, -1, Elevator call,130.2249113,-1,1,2,0
159.0, elevID,0,  pos,-1,  cmd, goto,1
165.0,Elev,0,  arrived at dest, 1, this call is done!, Elevator call,130.2249113,-1,1,3,0, Done, dt, 34.7750887
165.0, elevID,0,  pos,1,  cmd, goto,4
170.0,Elevator call,169.7845834,-1,0,1,0, got allocated to elevator, 0
171.0,Elevator call,170.0099621,0,6,1,0, got allocated to elevator, 0
171.0,Elev,0,  arrived at dest, 4, this call is done!, Elevator call,137.9515274,0,4,3,0, Done, dt, 33.0484726
171.0, elevID,0,  pos,4,  cmd, goto,6
172.0,Elevator call,171.2117332,-1,8,1,0, got allocated to elevator, 0
175.0,Elevator call,174.8438515,0,-1,1,0, got allocated to elevator, 0
177.0,Elev,0,  arrived at dest, 6, this call is done!, Elevator call,143.9133584,0,6,3,0, Done, dt, 33.08664160000001
177.0, elevID,0,  pos,6,  cmd, goto,9
183.0,Elev,0,  arrived at dest, 9, this call is done!, Elevator call,124.425571,0,9,3,0, Done, dt, 58.574428999999995
183.0, elevID,0,  pos,9,  cmd, goto,0
188.0,Elevator call,187.1167862,-1,-2,1,0, got allocated to elevator, 0
188.0,Elevator call,187.7299318,-1,-2,1,0, got allocated to elevator, 0
190.0,Elev,0,  arrived at src, 0, Elevator call,170.0099621,0,6,2,0
190.0,Elev,0,  arrived at src, 0, Elevator call,174.8438515,0,-1,2,0
190.0, elevID,0,  pos,0,  cmd, goto,-1
196.0,Elevator call,195.9086965,0,7,1,0, got allocated to elevator, 0
196.0,Elev,0,  arrived at src, -1, Elevator call,169.7845834,-1,0,2,0
196.0,Elev,0,  arrived at src, -1, Elevator call,171.2117332,-1,8,2,0
196.0,Elev,0,  arrived at dest, -1, this call is done!, Elevator call,174.8438515,0,-1,3,0, Done, dt, 21.1561485
196.0,Elev,0,  arrived at src, -1, Elevator call,187.1167862,-1,-2,2,0
196.0,Elev,0,  arrived at src, -1, Elevator call,187.7299318,-1,-2,2,0
196.0, elevID,0,  pos,-1,  cmd, goto,-2
198.0,Elevator call,197.5359191,-1,1,1,0, got allocated to elevator, 0
, elevID,0,  pos,-1,  cmd, stop,-1
202.0,Elev,0,  arrived at src, -1, Elevator call,197.5359191,-1,1,2,0
202.0, elevID,0,  pos,-1,  cmd, goto,-2
206.0,Elevator call,205.9895199,-1,0,1,0, got allocated to elevator, 0
208.0,Elev,0,  arrived at dest, -2, this call is done!, Elevator call,187.1167862,-1,-2,3,0, Done, dt, 20.883213799999993
208.0,Elev,0,  arrived at dest, -2, this call is done!, Elevator call,187.7299318,-1,-2,3,0, Done, dt, 20.270068199999997
208.0, elevID,0,  pos,-2,  cmd, goto,-1
214.0,Elev,0,  arrived at src, -1, Elevator call,205.9895199,-1,0,2,0
214.0, elevID,0,  pos,-1,  cmd, goto,0
220.0,Elev,0,  arrived at dest, 0, this call is done!, Elevator call,169.7845834,-1,0,3,0, Done, dt, 50.2154166
220.0,Elev,0,  arrived at src, 0, Elevator call,195.9086965,0,7,2,0
220.0,Elev,0,  arrived at dest, 0, this call is done!, Elevator call,205.9895199,-1,0,3,0, Done, dt, 14.010480099999995
220.0, elevID,0,  pos,0,  cmd, goto,1
226.0,Elev,0,  arrived at dest, 1, this call is done!, Elevator call,197.5359191,-1,1,3,0, Done, dt, 28.4640809
226.0, elevID,0,  pos,1,  cmd, goto,6
228.0,Elevator call,227.0798305,-1,5,1,0, got allocated to elevator, 0
232.0,Elevator call,231.5157882,-1,0,1,0, got allocated to elevator, 0
233.0,Elevator call,232.9504362,0,-1,1,0, got allocated to elevator, 0
233.0,Elev,0,  arrived at dest, 6, this call is done!, Elevator call,170.0099621,0,6,3,0, Done, dt, 62.990037900000004
233.0, elevID,0,  pos,6,  cmd, goto,7
239.0,Elev,0,  arrived at dest, 7, this call is done!, Elevator call,195.9086965,0,7,3,0, Done, dt, 43.09130350000001
239.0, elevID,0,  pos,7,  cmd, goto,8
245.0,Elev,0,  arrived at dest, 8, this call is done!, Elevator call,171.2117332,-1,8,3,0, Done, dt, 73.7882668
245.0, elevID,0,  pos,8,  cmd, goto,0
252.0,Elevator call,251.1044469,-1,-2,1,0, got allocated to elevator, 0
252.0,Elevator call,251.2359335,0,9,1,0, got allocated to elevator, 0
252.0,Elev,0,  arrived at src, 0, Elevator call,232.9504362,0,-1,2,0
252.0,Elev,0,  arrived at src, 0, Elevator call,251.2359335,0,9,2,0
252.0, elevID,0,  pos,0,  cmd, goto,-1
255.0,Elevator call,254.6977153,3,4,1,0, got allocated to elevator, 0
258.0,Elevator call,257.7974435,-1,0,1,0, got allocated to elevator, 0
258.0,Elev,0,  arrived at src, -1, Elevator call,227.0798305,-1,5,2,0
258.0,Elev,0,  arrived at src, -1, Elevator call,231.5157882,-1,0,2,0
258.0,Elev,0,  arrived at dest, -1, this call is done!, Elevator call,232.9504362,0,-1,3,0, Done, dt, 25.049563799999987
258.0,Elev,0,  arrived at src, -1, Elevator call,251.1044469,-1,-2,2,0
258.0,Elev,0,  arrived at src, -1, Elevator call,257.7974435,-1,0,2,0
258.0, elevID,0,  pos,-1,  cmd, goto,-2
264.0,Elev,0,  arrived at dest, -2, this call is done!, Elevator call,251.1044469,-1,-2,3,0, Done, dt, 12.8955531
264.0, elevID,0,  pos,-2,  cmd, goto,0
270.0,Elev,0,  arrived at dest, 0, this call is done!, Elevator call,231.5157882,-1,0,3,0, Done, dt, 38.4842118
270.0,Elev,0,  arrived at dest, 0, this call is done!, Elevator call,257.7974435,-1,0,3,0, Done, dt, 12.202556500000014
270.0, elevID,0,  pos,0,  cmd, goto,3
276.0,Elev,0,  arrived at src, 3, Elevator call,254.6977153,3,4,2,0
276.0, elevID,0,  pos,3,  cmd, goto,4
282.0,Elev,0,  arrived at dest, 4, this call is done!, Elevator call,254.6977153,3,4,3,0, Done, dt, 27.3022847
282.0, elevID,0,  pos,4,  cmd, goto,5
288.0,Elev,0,  arrived at dest, 5, this call is done!, Elevator call,227.0798305,-1,5,3,0, Done, dt, 60.920169499999986
288.0, elevID,0,  pos,5,  cmd, goto,9
294.0,Elev,0,  arrived at dest, 9, this call is done!, Elevator call,251.2359335,0,9,3,0, Done, dt, 42.76406650000001
296.0,Elevator call,295.7943357,0,1,1,0, got allocated to elevator, 0
296.0, elevID,0,  pos,9,  cmd, goto,0
303.0,Elev,0,  arrived at src, 0, Elevator call,295.7943357,0,1,2,0
303.0, elevID,0,  pos,0,  cmd, goto,1
305.0,Elevator call,304.9984388,6,0,1,0, got allocated to elevator, 0
309.0,Elev,0,  arrived at dest, 1, this call is done!, Elevator call,295.7943357,0,1,3,0, Done, dt, 13.205664300000024
309.0, elevID,0,  pos,1,  cmd, goto,6
310.0,Elevator call,309.3005383,0,-1,1,0, got allocated to elevator, 0
313.0,Elevator call,312.3018556,0,-1,1,0, got allocated to elevator, 0
316.0,Elev,0,  arrived at src, 6, Elevator call,304.9984388,6,0,2,0
316.0, elevID,0,  pos,6,  cmd, goto,0
317.0,Elevator call,316.0323783,0,-1,1,0, got allocated to elevator, 0
320.0,Elevator call,319.905202,6,5,1,0, got allocated to elevator, 0
321.0,Elevator call,320.9760749,-1,0,1,0, got allocated to elevator, 0
322.0,Elevator call,321.370409,7,-1,1,0, got allocated to elevator, 0
323.0,Elev,0,  arrived at dest, 0, this call is done!, Elevator call,304.9984388,6,0,3,0, Done, dt, 18.001561200000026
323.0,Elev,0,  arrived at src, 0, Elevator call,309.3005383,0,-1,2,0
323.0,Elev,0,  arrived at src, 0, Elevator call,312.3018556,0,-1,2,0
323.0,Elev,0,  arrived at src, 0, Elevator call,316.0323783,0,-1,2,0
323.0, elevID,0,  pos,0,  cmd, goto,-1
329.0,Elev,0,  arrived at dest, -1, this call is done!, Elevator call,309.3005383,0,-1,3,0, Done, dt, 19.699461699999972
329.0,Elev,0,  arrived at dest, -1, this call is done!, Elevator call,312.3018556,0,-1,3,0, Done, dt, 16.69814439999999
329.0,Elev,0,  arrived at dest, -1, this call is done!, Elevator call,316.0323783,0,-1,3,0, Done, dt, 12.967621699999995
329.0,Elev,0,  arrived at src, -1, Elevator call,320.9760749,-1,0,2,0
329.0, elevID,0,  pos,-1,  cmd, goto,0
333.0,Elevator call,332.4267319,0,10,1,0, got allocated to elevator, 0
335.0,Elev,0,  arrived at dest, 0, this call is done!, Elevator call,320.9760749,-1,0,3,0, Done, dt, 14.023925099999985
335.0,Elev,0,  arrived at src, 0, Elevator call,332.4267319,0,10,2,0
335.0, elevID,0,  pos,0,  cmd, goto,6
337.0,Elevator call,336.9304305,-1,0,1,0, got allocated to elevator, 0
342.0,Elev,0,  arrived at src, 6, Elevator call,319.905202,6,5,2,0
342.0, elevID,0,  pos,6,  cmd, goto,7
348.0,Elev,0,  arrived at src, 7, Elevator call,321.370409,7,-1,2,0
348.0, elevID,0,  pos,7,  cmd, goto,10
354.0,Elev,0,  arrived at dest, 10, this call is done!, Elevator call,332.4267319,0,10,3,0, Done, dt, 21.573268100000007
354.0, elevID,0,  pos,10,  cmd, goto,5
361.0,Elev,0,  arrived at dest, 5, this call is done!, Elevator call,319.905202,6,5,3,0, Done, dt, 41.094798000000026
361.0, elevID,0,  pos,5,  cmd, goto,-1
368.0,Elev,0,  arrived at dest, -1, this call is done!, Elevator call,321.370409,7,-1,3,0, Done, dt, 46.629591000000005
368.0,Elev,0,  arrived at src, -1, Elevator call,336.9304305,-1,0,2,0
368.0, elevID,0,  pos,-1,  cmd, goto,0
374.0,Elev,0,  arrived at dest, 0, this call is done!, Elevator call,336.9304305,-1,0,3,0, Done, dt, 37.0695695
376.0,Elevator call,375.490481,1,0,1,0, got allocated to elevator, 0
376.0, elevID,0,  pos,0,  cmd, goto,1
382.0,Elev,0,  arrived at src, 1, Elevator call,375.490481,1,0,2,0
382.0, elevID,0,  pos,1,  cmd, goto,0
388.0,Elev,0,  arrived at dest, 0, this call is done!, Elevator call,375.490481,1,0,3,0, Done, dt, 12.509519000000012
393.0,Elevator call,392.5160765,0,5,1,0, got allocated to elevator, 0
393.0,Elev,0,  arrived at src, 0, Elevator call,392.5160765,0,5,2,0
393.0, elevID,0,  pos,0,  cmd, goto,5
400.0,Elev,0,  arrived at dest, 5, this call is done!, Elevator call,392.5160765,0,5,3,0, Done, dt, 7.483923500000003
406.0,Elevator call,405.1821141,-1,10,1,0, got allocated to elevator, 0
406.0, elevID,0,  pos,5,  cmd, goto,-1
413.0,Elev,0,  arrived at src, -1, Elevator call,405.1821141,-1,10,2,0
413.0, elevID,0,  pos,-1,  cmd, goto,10
420.0,Elev,0,  arrived at dest, 10, this call is done!, Elevator call,405.1821141,-1,10,3,0, Done, dt, 14.817885900000022
427.0,Elevator call,426.8615805,2,0,1,0, got allocated to elevator, 0
427.0, elevID,0,  pos,10,  cmd, goto,2
434.0,Elev,0,  arrived at src, 2, Elevator call,426.8615805,2,0,2,0
434.0, elevID,0,  pos,2,  cmd, goto,0
438.0,Elevator call,437.1711158,1,0,1,0, got allocated to elevator, 0
440.0,Elev,0,  arrived at dest, 0, this call is done!, Elevator call,426.8615805,2,0,3,0, Done, dt, 13.138419499999998
440.0, elevID,0,  pos,0,  cmd, goto,1
446.0,Elev,0,  arrived at src, 1, Elevator call,437.1711158,1,0,2,0
446.0, elevID,0,  pos,1,  cmd, goto,0
452.0,Elev,0,  arrived at dest, 0, this call is done!, Elevator call,437.1711158,1,0,3,0, Done, dt, 14.828884200000005
473.0,Elevator call,472.7445474,10,-1,1,0, got allocated to elevator, 0
473.0, elevID,0,  pos,0,  cmd, goto,10
480.0,Elev,0,  arrived at src, 10, Elevator call,472.7445474,10,-1,2,0
480.0, elevID,0,  pos,10,  cmd, goto,-1
487.0,Elev,0,  arrived at dest, -1, this call is done!, Elevator call,472.7445474,10,-1,3,0, Done, dt, 14.255452600000012
501.0,Elevator call,500.3712045,8,-1,1,0, got allocated to elevator, 0
501.0, elevID,0,  pos,-1,  cmd, goto,8
504.0,Elevator call,503.1384784,1,-1,1,0, got allocated to elevator, 0
504.0, elevID,0,  pos,1,  cmd, stop,1
505.0,Elevator call,504.4317942,0,-1,1,0, got allocated to elevator, 0
507.0,Elev,0,  arrived at src, 1, Elevator call,503.1384784,1,-1,2,0
507.0, elevID,0,  pos,1,  cmd, goto,8
514.0,Elev,0,  arrived at src, 8, Elevator call,500.3712045,8,-1,2,0
514.0, elevID,0,  pos,8,  cmd, goto,0
521.0,Elev,0,  arrived at src, 0, Elevator call,504.4317942,0,-1,2,0
521.0, elevID,0,  pos,0,  cmd, goto,-1
527.0,Elev,0,  arrived at dest, -1, this call is done!, Elevator call,500.3712045,8,-1,3,0, Done, dt, 26.628795500000024
527.0,Elev,0,  arrived at dest, -1, this call is done!, Elevator call,503.1384784,1,-1,3,0, Done, dt, 23.861521600000003
527.0,Elev,0,  arrived at dest, -1, this call is done!, Elevator call,504.4317942,0,-1,3,0, Done, dt, 22.568205799999987
530.0,Elevator call,529.6277472,3,-1,1,0, got allocated to elevator, 0
530.0, elevID,0,  pos,-1,  cmd, goto,3
536.0,Elev,0,  arrived at src, 3, Elevator call,529.6277472,3,-1,2,0
536.0, elevID,0,  pos,3,  cmd, goto,-1
538.0,Elevator call,537.7866884,-1,6,1,0, got allocated to elevator, 0
542.0,Elev,0,  arrived at dest, -1, this call is done!, Elevator call,529.6277472,3,-1,3,0, Done, dt, 12.372252799999956
542.0,Elev,0,  arrived at src, -1, Elevator call,537.7866884,-1,6,2,0
542.0, elevID,0,  pos,-1,  cmd, goto,6
545.0,Elevator call,544.7880392,6,-1,1,0, got allocated to elevator, 0
549.0,Elev,0,  arrived at dest, 6, this call is done!, Elevator call,537.7866884,-1,6,3,0, Done, dt, 11.213311599999997
549.0,Elev,0,  arrived at src, 6, Elevator call,544.7880392,6,-1,2,0
549.0, elevID,0,  pos,6,  cmd, goto,-1
555.0,Elevator call,554.0892923,4,0,1,0, got allocated to elevator, 0
556.0,Elev,0,  arrived at dest, -1, this call is done!, Elevator call,544.7880392,6,-1,3,0, Done, dt, 11.211960800000043
556.0, elevID,0,  pos,-1,  cmd, goto,4
558.0,Elevator call,557.244139,10,0,1,0, got allocated to elevator, 0
563.0,Elev,0,  arrived at src, 4, Elevator call,554.0892923,4,0,2,0
563.0, elevID,0,  pos,4,  cmd, goto,10
566.0,Elevator call,565.0195522,0,-1,1,0, got allocated to elevator, 0
570.0,Elev,0,  arrived at src, 10, Elevator call,557.244139,10,0,2,0
570.0, elevID,0,  pos,10,  cmd, goto,0
577.0,Elev,0,  arrived at dest, 0, this call is done!, Elevator call,554.0892923,4,0,3,0, Done, dt, 22.91070769999999
577.0,Elev,0,  arrived at dest, 0, this call is done!, Elevator call,557.244139,10,0,3,0, Done, dt, 19.75586099999998
577.0,Elev,0,  arrived at src, 0, Elevator call,565.0195522,0,-1,2,0
577.0, elevID,0,  pos,0,  cmd, goto,-1
582.0,Elevator call,581.870309,0,3,1,0, got allocated to elevator, 0
583.0,Elev,0,  arrived at dest, -1, this call is done!, Elevator call,565.0195522,0,-1,3,0, Done, dt, 17.98044779999998
583.0, elevID,0,  pos,-1,  cmd, goto,0
589.0,Elev,0,  arrived at src, 0, Elevator call,581.870309,0,3,2,0
589.0, elevID,0,  pos,0,  cmd, goto,3
595.0,Elev,0,  arrived at dest, 3, this call is done!, Elevator call,581.870309,0,3,3,0, Done, dt, 13.12969099999998
597.0,Elevator call,596.1232023,8,0,1,0, got allocated to elevator, 0
597.0, elevID,0,  pos,3,  cmd, goto,8
601.0,Elevator call,600.931288,1,0,1,0, got allocated to elevator, 0
604.0,Elevator call,603.9342327,7,0,1,0, got allocated to elevator, 0
604.0,Elev,0,  arrived at src, 8, Elevator call,596.1232023,8,0,2,0
604.0, elevID,0,  pos,8,  cmd, goto,7
610.0,Elev,0,  arrived at src, 7, Elevator call,603.9342327,7,0,2,0
610.0, elevID,0,  pos,7,  cmd, goto,1
617.0,Elev,0,  arrived at src, 1, Elevator call,600.931288,1,0,2,0
617.0, elevID,0,  pos,1,  cmd, goto,0
618.0,Elevator call,617.9628339,0,3,1,0, got allocated to elevator, 0
620.0,Elevator call,619.6454197,9,0,1,0, got allocated to elevator, 0
623.0,Elev,0,  arrived at dest, 0, this call is done!, Elevator call,596.1232023,8,0,3,0, Done, dt, 26.876797699999997
623.0,Elev,0,  arrived at dest, 0, this call is done!, Elevator call,600.931288,1,0,3,0, Done, dt, 22.068712000000005
623.0,Elev,0,  arrived at dest, 0, this call is done!, Elevator call,603.9342327,7,0,3,0, Done, dt, 19.065767299999948
623.0,Elev,0,  arrived at src, 0, Elevator call,617.9628339,0,3,2,0
623.0, elevID,0,  pos,0,  cmd, goto,3
627.0,Elevator call,626.2116172,0,1,1,0, got allocated to elevator, 0
629.0,Elev,0,  arrived at dest, 3, this call is done!, Elevator call,617.9628339,0,3,3,0, Done, dt, 11.037166100000036
629.0, elevID,0,  pos,3,  cmd, goto,9
636.0,Elev,0,  arrived at src, 9, Elevator call,619.6454197,9,0,2,0
636.0, elevID,0,  pos,9,  cmd, goto,0
643.0,Elev,0,  arrived at dest, 0, this call is done!, Elevator call,619.6454197,9,0,3,0, Done, dt, 23.354580299999952
643.0,Elev,0,  arrived at src, 0, Elevator call,626.2116172,0,1,2,0
643.0, elevID,0,  pos,0,  cmd, goto,1
644.0,Elevator call,643.8547515,-1,2,1,0, got allocated to elevator, 0
649.0,Elev,0,  arrived at dest, 1, this call is done!, Elevator call,626.2116172,0,1,3,0, Done, dt, 22.788382800000022
649.0, elevID,0,  pos,1,  cmd, goto,-1
655.0,Elev,0,  arrived at src, -1, Elevator call,643.8547515,-1,2,2,0
655.0, elevID,0,  pos,-1,  cmd, goto,2
661.0,Elevator call,660.0732908,6,10,1,0, got allocated to elevator, 0
661.0,Elev,0,  arrived at dest, 2, this call is done!, Elevator call,643.8547515,-1,2,3,0, Done, dt, 17.14524849999998
661.0, elevID,0,  pos,2,  cmd, goto,6
662.0,Elevator call,661.042082,-1,3,1,0, got allocated to elevator, 0
663.0,Elevator call,662.1730528,-1,5,1,0, got allocated to elevator, 0
666.0,Elevator call,665.1155549,-1,8,1,0, got allocated to elevator, 0
667.0,Elevator call,666.0340295,4,0,1,0, got allocated to elevator, 0
667.0,Elevator call,666.2411587,5,-1,1,0, got allocated to elevator, 0
667.0,Elev,0,  arrived at src, 6, Elevator call,660.0732908,6,10,2,0
667.0, elevID,0,  pos,6,  cmd, goto,10
673.0,Elevator call,672.6773142,0,-1,1,0, got allocated to elevator, 0
673.0,Elev,0,  arrived at dest, 10, this call is done!, Elevator call,660.0732908,6,10,3,0, Done, dt, 12.926709200000005
673.0, elevID,0,  pos,10,  cmd, goto,5
678.0,Elevator call,677.7341948,0,-1,1,0, got allocated to elevator, 0
679.0,Elevator call,678.9953585,-1,-2,1,0, got allocated to elevator, 0
680.0,Elev,0,  arrived at src, 5, Elevator call,666.2411587,5,-1,2,0
680.0, elevID,0,  pos,5,  cmd, goto,4
686.0,Elev,0,  arrived at src, 4, Elevator call,666.0340295,4,0,2,0
686.0, elevID,0,  pos,4,  cmd, goto,0
692.0,Elev,0,  arrived at dest, 0, this call is done!, Elevator call,666.0340295,4,0,3,0, Done, dt, 25.965970500000026
692.0,Elev,0,  arrived at src, 0, Elevator call,672.6773142,0,-1,2,0
692.0,Elev,0,  arrived at src, 0, Elevator call,677.7341948,0,-1,2,0
692.0, elevID,0,  pos,0,  cmd, goto,-1
696.0,Elevator call,695.2239882,0,10,1,0, got allocated to elevator, 0
698.0,Elev,0,  arrived at src, -1, Elevator call,661.042082,-1,3,2,0
698.0,Elev,0,  arrived at src, -1, Elevator call,662.1730528,-1,5,2,0
698.0,Elev,0,  arrived at src, -1, Elevator call,665.1155549,-1,8,2,0
698.0,Elev,0,  arrived at dest, -1, this call is done!, Elevator call,666.2411587,5,-1,3,0, Done, dt, 31.758841299999972
698.0,Elev,0,  arrived at dest, -1, this call is done!, Elevator call,672.6773142,0,-1,3,0, Done, dt, 25.322685800000045
698.0,Elev,0,  arrived at dest, -1, this call is done!, Elevator call,677.7341948,0,-1,3,0, Done, dt, 20.265805200000045
698.0,Elev,0,  arrived at src, -1, Elevator call,678.9953585,-1,-2,2,0
698.0, elevID,0,  pos,-1,  cmd, goto,-2
704.0,Elev,0,  arrived at dest, -2, this call is done!, Elevator call,678.9953585,-1,-2,3,0, Done, dt, 25.004641500000048
704.0, elevID,0,  pos,-2,  cmd, goto,0
707.0,Elevator call,706.1583475,-1,-2,1,0, got allocated to elevator, 0
710.0,Elev,0,  arrived at src, 0, Elevator call,695.2239882,0,10,2,0
710.0, elevID,0,  pos,0,  cmd, goto,3
711.0,Elevator call,710.324977,0,1,1,0, got allocated to elevator, 0
711.0, elevID,0,  pos,0,  cmd, stop,0
714.0,Elevator call,713.0191971,1,0,1,0, got allocated to elevator, 0
714.0,Elevator call,713.2499766,10,-1,1,0, got allocated to elevator, 0
716.0,Elev,0,  arrived at src, 0, Elevator call,710.324977,0,1,2,0
716.0, elevID,0,  pos,0,  cmd, goto,1
722.0,Elev,0,  arrived at dest, 1, this call is done!, Elevator call,710.324977,0,1,3,0, Done, dt, 11.67502300000001
722.0,Elev,0,  arrived at src, 1, Elevator call,713.0191971,1,0,2,0
722.0, elevID,0,  pos,1,  cmd, goto,3
723.0,Elevator call,722.6161213,10,0,1,0, got allocated to elevator, 0
728.0,Elevator call,727.5146029,-1,0,1,0, got allocated to elevator, 0
728.0,Elev,0,  arrived at dest, 3, this call is done!, Elevator call,661.042082,-1,3,3,0, Done, dt, 66.95791799999995
728.0, elevID,0,  pos,3,  cmd, goto,5
733.0,Elevator call,732.9746341,6,-1,1,0, got allocated to elevator, 0
734.0,Elev,0,  arrived at dest, 5, this call is done!, Elevator call,662.1730528,-1,5,3,0, Done, dt, 71.82694719999995
734.0, elevID,0,  pos,5,  cmd, goto,6
738.0,Elevator call,737.3147202,1,0,1,0, got allocated to elevator, 0
740.0,Elev,0,  arrived at src, 6, Elevator call,732.9746341,6,-1,2,0
740.0, elevID,0,  pos,6,  cmd, goto,8
746.0,Elev,0,  arrived at dest, 8, this call is done!, Elevator call,665.1155549,-1,8,3,0, Done, dt, 80.8844451
746.0, elevID,0,  pos,8,  cmd, goto,10
752.0,Elev,0,  arrived at dest, 10, this call is done!, Elevator call,695.2239882,0,10,3,0, Done, dt, 56.77601179999999
752.0,Elev,0,  arrived at src, 10, Elevator call,713.2499766,10,-1,2,0
752.0,Elev,0,  arrived at src, 10, Elevator call,722.6161213,10,0,2,0
752.0, elevID,0,  pos,10,  cmd, goto,1
759.0,Elev,0,  arrived at src, 1, Elevator call,737.3147202,1,0,2,0
759.0, elevID,0,  pos,1,  cmd, goto,0
765.0,Elev,0,  arrived at dest, 0, this call is done!, Elevator call,713.0191971,1,0,3,0, Done, dt, 51.98080289999996
765.0,Elev,0,  arrived at dest, 0, this call is done!, Elevator call,722.6161213,10,0,3,0, Done, dt, 42.38387869999997
765.0,Elev,0,  arrived at dest, 0, this call is done!, Elevator call,737.3147202,1,0,3,0, Done, dt, 27.68527979999999
765.0, elevID,0,  pos,0,  cmd, goto,-1
771.0,Elev,0,  arrived at src, -1, Elevator call,706.1583475,-1,-2,2,0
771.0,Elev,0,  arrived at dest, -1, this call is done!, Elevator call,713.2499766,10,-1,3,0, Done, dt, 57.75002340000003
771.0,Elev,0,  arrived at src, -1, Elevator call,727.5146029,-1,0,2,0
771.0,Elev,0,  arrived at dest, -1, this call is done!, Elevator call,732.9746341,6,-1,3,0, Done, dt, 38.0253659
771.0, elevID,0,  pos,-1,  cmd, goto,-2
777.0,Elev,0,  arrived at dest, -2, this call is done!, Elevator call,706.1583475,-1,-2,3,0, Done, dt, 70.84165250000001
777.0, elevID,0,  pos,-2,  cmd, goto,0
780.0,Elevator call,779.3996914,-1,5,1,0, got allocated to elevator, 0
783.0,Elev,0,  arrived at dest, 0, this call is done!, Elevator call,727.5146029,-1,0,3,0, Done, dt, 55.4853971
783.0, elevID,0,  pos,0,  cmd, goto,-1
789.0,Elev,0,  arrived at src, -1, Elevator call,779.3996914,-1,5,2,0
789.0, elevID,0,  pos,-1,  cmd, goto,5
796.0,Elev,0,  arrived at dest, 5, this call is done!, Elevator call,779.3996914,-1,5,3,0, Done, dt, 16.60030859999995
806.0,Elevator call,805.6754743,-1,-2,1,0, got allocated to elevator, 0
806.0, elevID,0,  pos,5,  cmd, goto,-1
811.0,Elevator call,810.4469089,2,0,1,0, got allocated to elevator, 0
813.0,Elev,0,  arrived at src, -1, Elevator call,805.6754743,-1,-2,2,0
813.0, elevID,0,  pos,-1,  cmd, goto,-2
817.0,Elevator call,816.1516998,7,-1,1,0, got allocated to elevator, 0
819.0,Elev,0,  arrived at dest, -2, this call is done!, Elevator call,805.6754743,-1,-2,3,0, Done, dt, 13.324525699999981
819.0, elevID,0,  pos,-2,  cmd, goto,2
825.0,Elev,0,  arrived at src, 2, Elevator call,810.4469089,2,0,2,0
825.0, elevID,0,  pos,2,  cmd, goto,7
826.0,Elevator call,825.4575185,7,0,1,0, got allocated to elevator, 0
832.0,Elev,0,  arrived at src, 7, Elevator call,816.1516998,7,-1,2,0
832.0,Elev,0,  arrived at src, 7, Elevator call,825.4575185,7,0,2,0
832.0, elevID,0,  pos,7,  cmd, goto,0
839.0,Elev,0,  arrived at dest, 0, this call is done!, Elevator call,810.4469089,2,0,3,0, Done, dt, 28.55309109999996
839.0,Elev,0,  arrived at dest, 0, this call is done!, Elevator call,825.4575185,7,0,3,0, Done, dt, 13.542481500000008
839.0, elevID,0,  pos,0,  cmd, goto,-1
840.0,Elevator call,839.8525653,0,1,1,0, got allocated to elevator, 0
, elevID,0,  pos,0,  cmd, stop,0
845.0,Elev,0,  arrived at src, 0, Elevator call,839.8525653,0,1,2,0
845.0, elevID,0,  pos,0,  cmd, goto,-1
851.0,Elev,0,  arrived at dest, -1, this call is done!, Elevator call,816.1516998,7,-1,3,0, Done, dt, 34.84830020000004
851.0, elevID,0,  pos,-1,  cmd, goto,1
855.0,Elevator call,854.2002278,6,-1,1,0, got allocated to elevator, 0
857.0,Elev,0,  arrived at dest, 1, this call is done!, Elevator call,839.8525653,0,1,3,0, Done, dt, 17.147434699999963
857.0, elevID,0,  pos,1,  cmd, goto,6
864.0,Elevator call,863.8932913,0,-1,1,0, got allocated to elevator, 0
864.0,Elev,0,  arrived at src, 6, Elevator call,854.2002278,6,-1,2,0
864.0, elevID,0,  pos,6,  cmd, goto,0
871.0,Elevator call,870.5053024,0,7,1,0, got allocated to elevator, 0
871.0,Elev,0,  arrived at src, 0, Elevator call,863.8932913,0,-1,2,0
871.0,Elev,0,  arrived at src, 0, Elevator call,870.5053024,0,7,2,0
871.0, elevID,0,  pos,0,  cmd, goto,-1
877.0,Elev,0,  arrived at dest, -1, this call is done!, Elevator call,854.2002278,6,-1,3,0, Done, dt, 22.799772200000007
877.0,Elev,0,  arrived at dest, -1, this call is done!, Elevator call,863.8932913,0,-1,3,0, Done, dt, 13.106708700000013
877.0, elevID,0,  pos,-1,  cmd, goto,7
884.0,Elev,0,  arrived at dest, 7, this call is done!, Elevator call,870.5053024,0,7,3,0, Done, dt, 13.494697599999995
887.0,Elevator call,886.5649993,-1,-2,1,0, got allocated to elevator, 0
887.0, elevID,0,  pos,7,  cmd, goto,-1
893.0,Elevator call,892.5212151,9,-1,1,0, got allocated to elevator, 0
894.0,Elev,0,  arrived at src, -1, Elevator call,886.5649993,-1,-2,2,0
894.0, elevID,0,  pos,-1,  cmd, goto,-2
900.0,Elev,0,  arrived at dest, -2, this call is done!, Elevator call,886.5649993,-1,-2,3,0, Done, dt, 13.435000700000046
900.0, elevID,0,  pos,-2,  cmd, goto,9
907.0,Elev,0,  arrived at src, 9, Elevator call,892.5212151,9,-1,2,0
907.0, elevID,0,  pos,9,  cmd, goto,-1
911.0,Elevator call,910.5388559,6,5,1,0, got allocated to elevator, 0
914.0,Elev,0,  arrived at dest, -1, this call is done!, Elevator call,892.5212151,9,-1,3,0, Done, dt, 21.47878490000005
914.0, elevID,0,  pos,-1,  cmd, goto,6
916.0,Elevator call,915.9490575,4,-1,1,0, got allocated to elevator, 0
916.0, elevID,0,  pos,-1,  cmd, stop,4
921.0,Elev,0,  arrived at src, 4, Elevator call,915.9490575,4,-1,2,0
921.0, elevID,0,  pos,4,  cmd, goto,6
927.0,Elev,0,  arrived at src, 6, Elevator call,910.5388559,6,5,2,0
927.0, elevID,0,  pos,6,  cmd, goto,5
933.0,Elev,0,  arrived at dest, 5, this call is done!, Elevator call,910.5388559,6,5,3,0, Done, dt, 22.461144099999956
933.0, elevID,0,  pos,5,  cmd, goto,-1
934.0,Elevator call,933.8580452,7,5,1,0, got allocated to elevator, 0
940.0,Elev,0,  arrived at dest, -1, this call is done!, Elevator call,915.9490575,4,-1,3,0, Done, dt, 24.05094250000002
940.0, elevID,0,  pos,-1,  cmd, goto,7
947.0,Elev,0,  arrived at src, 7, Elevator call,933.8580452,7,5,2,0
947.0, elevID,0,  pos,7,  cmd, goto,5
953.0,Elev,0,  arrived at dest, 5, this call is done!, Elevator call,933.8580452,7,5,3,0, Done, dt, 19.141954800000008
962.0,Elevator call,961.6862856,6,-1,1,0, got allocated to elevator, 0
962.0, elevID,0,  pos,5,  cmd, goto,6
968.0,Elev,0,  arrived at src, 6, Elevator call,961.6862856,6,-1,2,0
968.0, elevID,0,  pos,6,  cmd, goto,-1
973.0,Elevator call,972.8032126,1,0,1,0, got allocated to elevator, 0
975.0,Elev,0,  arrived at dest, -1, this call is done!, Elevator call,961.6862856,6,-1,3,0, Done, dt, 13.31371439999998
975.0, elevID,0,  pos,-1,  cmd, goto,1
976.0,Elevator call,975.8361203,0,-1,1,0, got allocated to elevator, 0
976.0, elevID,0,  pos,-1,  cmd, stop,0
979.0,Elevator call,978.5925149,10,0,1,0, got allocated to elevator, 0
979.0,Elevator call,978.6210501,10,-1,1,0, got allocated to elevator, 0
981.0,Elev,0,  arrived at src, 0, Elevator call,975.8361203,0,-1,2,0
981.0, elevID,0,  pos,0,  cmd, goto,1
985.0,Elevator call,984.1840186,7,0,1,0, got allocated to elevator, 0
987.0,Elev,0,  arrived at src, 1, Elevator call,972.8032126,1,0,2,0
987.0, elevID,0,  pos,1,  cmd, goto,7
994.0,Elev,0,  arrived at src, 7, Elevator call,984.1840186,7,0,2,0
994.0, elevID,0,  pos,7,  cmd, goto,10
1000.0,Elev,0,  arrived at src, 10, Elevator call,978.5925149,10,0,2,0
1000.0,Elev,0,  arrived at src, 10, Elevator call,978.6210501,10,-1,2,0
1000.0, elevID,0,  pos,10,  cmd, goto,0
1007.0,Elev,0,  arrived at dest, 0, this call is done!, Elevator call,972.8032126,1,0,3,0, Done, dt, 34.19678739999995
1007.0,Elev,0,  arrived at dest, 0, this call is done!, Elevator call,978.5925149,10,0,3,0, Done, dt, 28.40748510000003
1007.0,Elev,0,  arrived at dest, 0, this call is done!, Elevator call,984.1840186,7,0,3,0, Done, dt, 22.815981400000055
1007.0, elevID,0,  pos,0,  cmd, goto,-1
1013.0,Elev,0,  arrived at dest, -1, this call is done!, Elevator call,975.8361203,0,-1,3,0, Done, dt, 37.16387970000005
1013.0,Elev,0,  arrived at dest, -1, this call is done!, Elevator call,978.6210501,10,-1,3,0, Done, dt, 34.37894989999995
1014.0,************* Simulation Ended ************
Code Owners,111,  Building_file,B5.json,  Calls,output_B5_a.csv
Total waiting time: 2672.0,  average waiting time per call: 26.72,  unCompleted calls,0,  certificate, -242736659
